<?xml version="1.0" encoding="UTF-8"?>
<coverage generated="1762374056463" clover="3.2.0">
  <project timestamp="1762374056463" name="All files">
    <metrics statements="350" coveredstatements="306" conditionals="345" coveredconditionals="223" methods="80" coveredmethods="69" elements="775" coveredelements="598" complexity="0" loc="350" ncloc="350" packages="1" files="13" classes="13"/>
    <file name="CoreBreadCrumb.tsx" path="/Users/shannon.sumner/GitHub/aem-react-core-wcm-components-base/src/components/CoreBreadCrumb.tsx">
      <metrics statements="22" coveredstatements="22" conditionals="23" coveredconditionals="19" methods="6" coveredmethods="6"/>
      <line num="2" count="1" type="stmt"/>
      <line num="3" count="1" type="stmt"/>
      <line num="9" count="1" type="stmt"/>
      <line num="10" count="1" type="stmt"/>
      <line num="11" count="1" type="stmt"/>
      <line num="32" count="1" type="stmt"/>
      <line num="33" count="3" type="cond" truecount="3" falsecount="0"/>
      <line num="36" count="1" type="stmt"/>
      <line num="55" count="6" type="stmt"/>
      <line num="58" count="6" type="cond" truecount="2" falsecount="0"/>
      <line num="59" count="2" type="stmt"/>
      <line num="61" count="6" type="stmt"/>
      <line num="64" count="1" type="stmt"/>
      <line num="70" count="4" type="stmt"/>
      <line num="71" count="4" type="stmt"/>
      <line num="84" count="1" type="stmt"/>
      <line num="85" count="6" type="cond" truecount="2" falsecount="0"/>
      <line num="89" count="6" type="stmt"/>
      <line num="107" count="1" type="stmt"/>
      <line num="115" count="3" type="cond" truecount="2" falsecount="0"/>
      <line num="131" count="6" type="stmt"/>
      <line num="143" count="1" type="stmt"/>
    </file>
    <file name="CoreButton.tsx" path="/Users/shannon.sumner/GitHub/aem-react-core-wcm-components-base/src/components/CoreButton.tsx">
      <metrics statements="22" coveredstatements="21" conditionals="17" coveredconditionals="14" methods="4" coveredmethods="4"/>
      <line num="1" count="3" type="stmt"/>
      <line num="2" count="3" type="stmt"/>
      <line num="7" count="3" type="stmt"/>
      <line num="8" count="3" type="stmt"/>
      <line num="9" count="3" type="stmt"/>
      <line num="26" count="3" type="stmt"/>
      <line num="27" count="8" type="cond" truecount="3" falsecount="0"/>
      <line num="30" count="3" type="stmt"/>
      <line num="31" count="7" type="stmt"/>
      <line num="46" count="3" type="stmt"/>
      <line num="60" count="8" type="stmt"/>
      <line num="61" count="3" type="cond" truecount="1" falsecount="1"/>
      <line num="62" count="3" type="stmt"/>
      <line num="66" count="8" type="stmt"/>
      <line num="68" count="8" type="cond" truecount="2" falsecount="0"/>
      <line num="69" count="1" type="cond" truecount="2" falsecount="2"/>
      <line num="70" count="0" type="stmt"/>
      <line num="72" count="1" type="stmt"/>
      <line num="74" count="7" type="cond" truecount="2" falsecount="0"/>
      <line num="75" count="6" type="stmt"/>
      <line num="93" count="1" type="stmt"/>
      <line num="111" count="3" type="stmt"/>
    </file>
    <file name="CoreDownload.tsx" path="/Users/shannon.sumner/GitHub/aem-react-core-wcm-components-base/src/components/CoreDownload.tsx">
      <metrics statements="37" coveredstatements="36" conditionals="53" coveredconditionals="34" methods="11" coveredmethods="10"/>
      <line num="1" count="1" type="stmt"/>
      <line num="2" count="1" type="stmt"/>
      <line num="3" count="1" type="stmt"/>
      <line num="8" count="1" type="stmt"/>
      <line num="9" count="1" type="stmt"/>
      <line num="10" count="1" type="stmt"/>
      <line num="11" count="1" type="stmt"/>
      <line num="32" count="1" type="stmt"/>
      <line num="39" count="2" type="stmt"/>
      <line num="45" count="1" type="stmt"/>
      <line num="46" count="1" type="cond" truecount="3" falsecount="1"/>
      <line num="48" count="1" type="stmt"/>
      <line num="54" count="3" type="stmt"/>
      <line num="67" count="1" type="stmt"/>
      <line num="78" count="1" type="stmt"/>
      <line num="79" count="0" type="cond" truecount="0" falsecount="2"/>
      <line num="82" count="1" type="cond" truecount="3" falsecount="2"/>
      <line num="96" count="1" type="stmt"/>
      <line num="109" count="1" type="stmt"/>
      <line num="125" count="1" type="stmt"/>
      <line num="142" count="1" type="stmt"/>
      <line num="153" count="1" type="stmt"/>
      <line num="160" count="1" type="cond" truecount="1" falsecount="1"/>
      <line num="161" count="1" type="stmt"/>
      <line num="170" count="1" type="stmt"/>
      <line num="187" count="1" type="cond" truecount="1" falsecount="1"/>
      <line num="188" count="1" type="stmt"/>
      <line num="189" count="1" type="cond" truecount="1" falsecount="1"/>
      <line num="190" count="1" type="stmt"/>
      <line num="195" count="1" type="stmt"/>
      <line num="196" count="1" type="cond" truecount="1" falsecount="1"/>
      <line num="197" count="1" type="stmt"/>
      <line num="201" count="1" type="stmt"/>
      <line num="215" count="1" type="stmt"/>
      <line num="236" count="2" type="cond" truecount="1" falsecount="2"/>
      <line num="237" count="2" type="cond" truecount="2" falsecount="0"/>
      <line num="288" count="1" type="stmt"/>
    </file>
    <file name="CoreEmbed.tsx" path="/Users/shannon.sumner/GitHub/aem-react-core-wcm-components-base/src/components/CoreEmbed.tsx">
      <metrics statements="117" coveredstatements="86" conditionals="92" coveredconditionals="55" methods="21" coveredmethods="13"/>
      <line num="1" count="1" type="stmt"/>
      <line num="2" count="1" type="stmt"/>
      <line num="3" count="1" type="stmt"/>
      <line num="4" count="1" type="stmt"/>
      <line num="9" count="1" type="stmt"/>
      <line num="10" count="1" type="stmt"/>
      <line num="60" count="1" type="stmt"/>
      <line num="61" count="11" type="stmt"/>
      <line num="62" count="11" type="cond" truecount="2" falsecount="0"/>
      <line num="63" count="4" type="stmt"/>
      <line num="66" count="7" type="cond" truecount="2" falsecount="0"/>
      <line num="67" count="4" type="stmt"/>
      <line num="68" count="3" type="cond" truecount="1" falsecount="1"/>
      <line num="69" count="3" type="stmt"/>
      <line num="71" count="11" type="cond" truecount="2" falsecount="0"/>
      <line num="74" count="1" type="stmt"/>
      <line num="76" count="2" type="cond" truecount="1" falsecount="1"/>
      <line num="77" count="0" type="stmt"/>
      <line num="78" count="2" type="cond" truecount="2" falsecount="0"/>
      <line num="79" count="1" type="stmt"/>
      <line num="82" count="2" type="cond" truecount="2" falsecount="0"/>
      <line num="83" count="1" type="stmt"/>
      <line num="85" count="1" type="cond" truecount="1" falsecount="1"/>
      <line num="86" count="1" type="stmt"/>
      <line num="88" count="0" type="cond" truecount="0" falsecount="2"/>
      <line num="89" count="0" type="stmt"/>
      <line num="91" count="0" type="stmt"/>
      <line num="92" count="0" type="stmt"/>
      <line num="96" count="0" type="stmt"/>
      <line num="98" count="0" type="cond" truecount="0" falsecount="2"/>
      <line num="101" count="0" type="cond" truecount="0" falsecount="2"/>
      <line num="102" count="0" type="stmt"/>
      <line num="105" count="0" type="stmt"/>
      <line num="106" count="0" type="cond" truecount="0" falsecount="2"/>
      <line num="107" count="0" type="stmt"/>
      <line num="114" count="1" type="cond" truecount="2" falsecount="0"/>
      <line num="115" count="1" type="stmt"/>
      <line num="116" count="1" type="stmt"/>
      <line num="117" count="1" type="stmt"/>
      <line num="118" count="1" type="stmt"/>
      <line num="119" count="1" type="stmt"/>
      <line num="120" count="1" type="stmt"/>
      <line num="122" count="1" type="stmt"/>
      <line num="123" count="0" type="stmt"/>
      <line num="126" count="1" type="stmt"/>
      <line num="127" count="0" type="stmt"/>
      <line num="129" count="0" type="stmt"/>
      <line num="135" count="1" type="stmt"/>
      <line num="137" count="0" type="stmt"/>
      <line num="141" count="1" type="stmt"/>
      <line num="142" count="1" type="cond" truecount="1" falsecount="1"/>
      <line num="143" count="1" type="stmt"/>
      <line num="144" count="1" type="stmt"/>
      <line num="146" count="0" type="stmt"/>
      <line num="149" count="1" type="stmt"/>
      <line num="150" count="0" type="cond" truecount="0" falsecount="2"/>
      <line num="151" count="0" type="stmt"/>
      <line num="154" count="0" type="stmt"/>
      <line num="156" count="0" type="stmt"/>
      <line num="159" count="1" type="stmt"/>
      <line num="160" count="0" type="cond" truecount="0" falsecount="2"/>
      <line num="161" count="0" type="stmt"/>
      <line num="164" count="0" type="stmt"/>
      <line num="166" count="0" type="stmt"/>
      <line num="169" count="1" type="stmt"/>
      <line num="170" count="2" type="cond" truecount="1" falsecount="1"/>
      <line num="171" count="2" type="stmt"/>
      <line num="172" count="2" type="stmt"/>
      <line num="174" count="0" type="stmt"/>
      <line num="178" count="1" type="stmt"/>
      <line num="180" count="1" type="stmt"/>
      <line num="181" count="2" type="stmt"/>
      <line num="182" count="2" type="stmt"/>
      <line num="183" count="2" type="stmt"/>
      <line num="184" count="2" type="stmt"/>
      <line num="185" count="2" type="stmt"/>
      <line num="186" count="2" type="stmt"/>
      <line num="187" count="2" type="stmt"/>
      <line num="188" count="2" type="stmt"/>
      <line num="196" count="2" type="stmt"/>
      <line num="197" count="2" type="stmt"/>
      <line num="200" count="1" type="stmt"/>
      <line num="201" count="5" type="cond" truecount="2" falsecount="0"/>
      <line num="202" count="1" type="stmt"/>
      <line num="203" count="4" type="cond" truecount="2" falsecount="0"/>
      <line num="204" count="2" type="cond" truecount="2" falsecount="0"/>
      <line num="219" count="2" type="cond" truecount="1" falsecount="1"/>
      <line num="220" count="2" type="cond" truecount="2" falsecount="0"/>
      <line num="230" count="1" type="stmt"/>
      <line num="231" count="2" type="stmt"/>
      <line num="257" count="1" type="stmt"/>
      <line num="258" count="0" type="cond" truecount="0" falsecount="2"/>
      <line num="272" count="1" type="stmt"/>
      <line num="273" count="1" type="stmt"/>
      <line num="274" count="1" type="cond" truecount="1" falsecount="1"/>
      <line num="275" count="0" type="stmt"/>
      <line num="276" count="1" type="cond" truecount="1" falsecount="1"/>
      <line num="277" count="0" type="stmt"/>
      <line num="282" count="1" type="cond" truecount="1" falsecount="1"/>
      <line num="283" count="1" type="cond" truecount="1" falsecount="1"/>
      <line num="286" count="0" type="cond" truecount="0" falsecount="2"/>
      <line num="287" count="0" type="cond" truecount="0" falsecount="2"/>
      <line num="293" count="1" type="stmt"/>
      <line num="294" count="5" type="cond" truecount="2" falsecount="0"/>
      <line num="295" count="5" type="stmt"/>
      <line num="296" count="5" type="stmt"/>
      <line num="298" count="5" type="stmt"/>
      <line num="299" count="5" type="cond" truecount="1" falsecount="1"/>
      <line num="300" count="5" type="stmt"/>
      <line num="302" count="5" type="cond" truecount="2" falsecount="0"/>
      <line num="303" count="2" type="stmt"/>
      <line num="308" count="5" type="cond" truecount="4" falsecount="0"/>
      <line num="309" count="1" type="stmt"/>
      <line num="312" count="5" type="cond" truecount="2" falsecount="0"/>
      <line num="313" count="1" type="stmt"/>
      <line num="316" count="5" type="cond" truecount="1" falsecount="1"/>
      <line num="334" count="1" type="stmt"/>
    </file>
    <file name="CoreImage.tsx" path="/Users/shannon.sumner/GitHub/aem-react-core-wcm-components-base/src/components/CoreImage.tsx">
      <metrics statements="25" coveredstatements="20" conditionals="23" coveredconditionals="12" methods="5" coveredmethods="4"/>
      <line num="1" count="2" type="stmt"/>
      <line num="2" count="2" type="stmt"/>
      <line num="7" count="2" type="stmt"/>
      <line num="8" count="2" type="stmt"/>
      <line num="9" count="2" type="stmt"/>
      <line num="24" count="2" type="stmt"/>
      <line num="25" count="8" type="cond" truecount="2" falsecount="0"/>
      <line num="28" count="2" type="stmt"/>
      <line num="29" count="0" type="stmt"/>
      <line num="30" count="0" type="cond" truecount="0" falsecount="2"/>
      <line num="31" count="0" type="stmt"/>
      <line num="33" count="0" type="stmt"/>
      <line num="38" count="2" type="stmt"/>
      <line num="39" count="6" type="stmt"/>
      <line num="63" count="2" type="stmt"/>
      <line num="73" count="6" type="cond" truecount="4" falsecount="0"/>
      <line num="74" count="1" type="stmt"/>
      <line num="95" count="5" type="stmt"/>
      <line num="111" count="2" type="stmt"/>
      <line num="131" count="6" type="stmt"/>
      <line num="136" count="6" type="cond" truecount="1" falsecount="1"/>
      <line num="137" count="0" type="stmt"/>
      <line num="139" count="6" type="cond" truecount="1" falsecount="1"/>
      <line num="162" count="2" type="stmt"/>
      <line num="164" count="2" type="stmt"/>
    </file>
    <file name="CoreLanguageNavigation.tsx" path="/Users/shannon.sumner/GitHub/aem-react-core-wcm-components-base/src/components/CoreLanguageNavigation.tsx">
      <metrics statements="19" coveredstatements="18" conditionals="22" coveredconditionals="15" methods="6" coveredmethods="6"/>
      <line num="1" count="1" type="stmt"/>
      <line num="2" count="1" type="stmt"/>
      <line num="3" count="1" type="stmt"/>
      <line num="4" count="1" type="stmt"/>
      <line num="9" count="1" type="stmt"/>
      <line num="33" count="1" type="stmt"/>
      <line num="34" count="2" type="cond" truecount="2" falsecount="0"/>
      <line num="37" count="1" type="stmt"/>
      <line num="38" count="6" type="cond" truecount="1" falsecount="1"/>
      <line num="39" count="0" type="stmt"/>
      <line num="53" count="6" type="stmt"/>
      <line num="64" count="1" type="stmt"/>
      <line num="65" count="6" type="stmt"/>
      <line num="85" count="1" type="stmt"/>
      <line num="86" count="2" type="stmt"/>
      <line num="91" count="6" type="stmt"/>
      <line num="107" count="1" type="stmt"/>
      <line num="110" count="2" type="cond" truecount="1" falsecount="1"/>
      <line num="144" count="1" type="stmt"/>
    </file>
    <file name="CoreLink.tsx" path="/Users/shannon.sumner/GitHub/aem-react-core-wcm-components-base/src/components/CoreLink.tsx">
      <metrics statements="18" coveredstatements="18" conditionals="16" coveredconditionals="13" methods="3" coveredmethods="3"/>
      <line num="1" count="9" type="stmt"/>
      <line num="2" count="9" type="stmt"/>
      <line num="3" count="9" type="stmt"/>
      <line num="15" count="9" type="stmt"/>
      <line num="18" count="118" type="stmt"/>
      <line num="19" count="118" type="stmt"/>
      <line num="24" count="119" type="stmt"/>
      <line num="25" count="119" type="cond" truecount="2" falsecount="0"/>
      <line num="26" count="1" type="stmt"/>
      <line num="28" count="119" type="cond" truecount="1" falsecount="1"/>
      <line num="29" count="119" type="stmt"/>
      <line num="31" count="119" type="stmt"/>
      <line num="34" count="118" type="cond" truecount="4" falsecount="0"/>
      <line num="35" count="1" type="stmt"/>
      <line num="45" count="117" type="stmt"/>
      <line num="47" count="117" type="cond" truecount="5" falsecount="0"/>
      <line num="56" count="14" type="stmt"/>
      <line num="64" count="9" type="stmt"/>
    </file>
    <file name="CoreNavigation.tsx" path="/Users/shannon.sumner/GitHub/aem-react-core-wcm-components-base/src/components/CoreNavigation.tsx">
      <metrics statements="14" coveredstatements="14" conditionals="22" coveredconditionals="16" methods="5" coveredmethods="5"/>
      <line num="1" count="2" type="stmt"/>
      <line num="2" count="2" type="stmt"/>
      <line num="8" count="2" type="stmt"/>
      <line num="9" count="2" type="stmt"/>
      <line num="31" count="2" type="stmt"/>
      <line num="32" count="3" type="cond" truecount="2" falsecount="0"/>
      <line num="35" count="2" type="stmt"/>
      <line num="36" count="98" type="stmt"/>
      <line num="62" count="2" type="stmt"/>
      <line num="63" count="24" type="stmt"/>
      <line num="68" count="98" type="stmt"/>
      <line num="84" count="2" type="stmt"/>
      <line num="85" count="3" type="cond" truecount="1" falsecount="1"/>
      <line num="116" count="2" type="stmt"/>
    </file>
    <file name="CoreSeparator.tsx" path="/Users/shannon.sumner/GitHub/aem-react-core-wcm-components-base/src/components/CoreSeparator.tsx">
      <metrics statements="3" coveredstatements="3" conditionals="4" coveredconditionals="4" methods="1" coveredmethods="1"/>
      <line num="8" count="1" type="stmt"/>
      <line num="9" count="2" type="stmt"/>
      <line num="18" count="1" type="stmt"/>
    </file>
    <file name="CoreTeaser.tsx" path="/Users/shannon.sumner/GitHub/aem-react-core-wcm-components-base/src/components/CoreTeaser.tsx">
      <metrics statements="30" coveredstatements="30" conditionals="29" coveredconditionals="18" methods="8" coveredmethods="8"/>
      <line num="2" count="1" type="stmt"/>
      <line num="3" count="1" type="stmt"/>
      <line num="4" count="1" type="stmt"/>
      <line num="9" count="1" type="stmt"/>
      <line num="10" count="1" type="stmt"/>
      <line num="11" count="1" type="stmt"/>
      <line num="12" count="1" type="stmt"/>
      <line num="13" count="1" type="stmt"/>
      <line num="42" count="1" type="stmt"/>
      <line num="43" count="2" type="stmt"/>
      <line num="51" count="1" type="stmt"/>
      <line num="52" count="2" type="stmt"/>
      <line num="63" count="1" type="stmt"/>
      <line num="64" count="2" type="stmt"/>
      <line num="67" count="1" type="stmt"/>
      <line num="68" count="2" type="stmt"/>
      <line num="80" count="1" type="stmt"/>
      <line num="81" count="2" type="stmt"/>
      <line num="82" count="2" type="stmt"/>
      <line num="91" count="1" type="stmt"/>
      <line num="92" count="2" type="stmt"/>
      <line num="96" count="4" type="cond" truecount="1" falsecount="1"/>
      <line num="97" count="4" type="stmt"/>
      <line num="98" count="4" type="cond" truecount="1" falsecount="1"/>
      <line num="99" count="4" type="stmt"/>
      <line num="103" count="4" type="stmt"/>
      <line num="118" count="1" type="stmt"/>
      <line num="119" count="2" type="stmt"/>
      <line num="123" count="2" type="cond" truecount="1" falsecount="1"/>
      <line num="158" count="1" type="stmt"/>
    </file>
    <file name="CoreText.tsx" path="/Users/shannon.sumner/GitHub/aem-react-core-wcm-components-base/src/components/CoreText.tsx">
      <metrics statements="20" coveredstatements="20" conditionals="20" coveredconditionals="15" methods="4" coveredmethods="4"/>
      <line num="1" count="1" type="stmt"/>
      <line num="2" count="1" type="stmt"/>
      <line num="3" count="1" type="stmt"/>
      <line num="8" count="1" type="stmt"/>
      <line num="9" count="1" type="stmt"/>
      <line num="17" count="1" type="stmt"/>
      <line num="18" count="6" type="cond" truecount="2" falsecount="0"/>
      <line num="21" count="2" type="stmt"/>
      <line num="23" count="1" type="stmt"/>
      <line num="24" count="4" type="stmt"/>
      <line num="25" count="4" type="cond" truecount="2" falsecount="0"/>
      <line num="26" count="2" type="stmt"/>
      <line num="28" count="5" type="cond" truecount="4" falsecount="0"/>
      <line num="29" count="1" type="stmt"/>
      <line num="30" count="1" type="stmt"/>
      <line num="34" count="1" type="stmt"/>
      <line num="35" count="1" type="stmt"/>
      <line num="44" count="2" type="stmt"/>
      <line num="46" count="4" type="cond" truecount="1" falsecount="1"/>
      <line num="66" count="1" type="stmt"/>
    </file>
    <file name="CoreTitle.tsx" path="/Users/shannon.sumner/GitHub/aem-react-core-wcm-components-base/src/components/CoreTitle.tsx">
      <metrics statements="15" coveredstatements="14" conditionals="18" coveredconditionals="8" methods="5" coveredmethods="5"/>
      <line num="1" count="1" type="stmt"/>
      <line num="6" count="1" type="stmt"/>
      <line num="7" count="1" type="stmt"/>
      <line num="20" count="1" type="stmt"/>
      <line num="21" count="2" type="cond" truecount="2" falsecount="0"/>
      <line num="24" count="4" type="cond" truecount="1" falsecount="1"/>
      <line num="26" count="1" type="stmt"/>
      <line num="27" count="2" type="stmt"/>
      <line num="38" count="1" type="stmt"/>
      <line num="39" count="2" type="cond" truecount="1" falsecount="1"/>
      <line num="40" count="2" type="stmt"/>
      <line num="43" count="0" type="stmt"/>
      <line num="46" count="1" type="stmt"/>
      <line num="47" count="2" type="cond" truecount="1" falsecount="1"/>
      <line num="64" count="1" type="stmt"/>
    </file>
    <file name="EditorPlaceHolder.tsx" path="/Users/shannon.sumner/GitHub/aem-react-core-wcm-components-base/src/components/EditorPlaceHolder.tsx">
      <metrics statements="8" coveredstatements="4" conditionals="6" coveredconditionals="0" methods="1" coveredmethods="0"/>
      <line num="1" count="9" type="stmt"/>
      <line num="9" count="9" type="stmt"/>
      <line num="11" count="9" type="stmt"/>
      <line num="17" count="0" type="cond" truecount="0" falsecount="4"/>
      <line num="18" count="0" type="cond" truecount="0" falsecount="2"/>
      <line num="19" count="0" type="stmt"/>
      <line num="21" count="0" type="stmt"/>
      <line num="32" count="9" type="stmt"/>
    </file>
  </project>
</coverage>
