{"/Users/shannon.sumner/GitHub/aem-react-core-wcm-components-base/src/components/CoreBreadCrumb.tsx": {"path":"/Users/shannon.sumner/GitHub/aem-react-core-wcm-components-base/src/components/CoreBreadCrumb.tsx","statementMap":{"0":{"start":{"line":2,"column":0},"end":{"line":2,"column":36}},"1":{"start":{"line":3,"column":0},"end":{"line":3,"column":26}},"2":{"start":{"line":9,"column":0},"end":{"line":9,"column":45}},"3":{"start":{"line":10,"column":0},"end":{"line":10,"column":63}},"4":{"start":{"line":11,"column":0},"end":{"line":11,"column":30}},"5":{"start":{"line":32,"column":23},"end":{"line":34,"column":1}},"6":{"start":{"line":33,"column":2},"end":{"line":33,"column":78}},"7":{"start":{"line":32,"column":13},"end":{"line":32,"column":23}},"8":{"start":{"line":36,"column":23},"end":{"line":62,"column":1}},"9":{"start":{"line":55,"column":6},"end":{"line":57,"column":4}},"10":{"start":{"line":58,"column":2},"end":{"line":60,"column":3}},"11":{"start":{"line":59,"column":4},"end":{"line":59,"column":39}},"12":{"start":{"line":61,"column":2},"end":{"line":61,"column":45}},"13":{"start":{"line":64,"column":23},"end":{"line":82,"column":1}},"14":{"start":{"line":70,"column":37},"end":{"line":70,"column":41}},"15":{"start":{"line":71,"column":2},"end":{"line":81,"column":4}},"16":{"start":{"line":84,"column":27},"end":{"line":105,"column":1}},"17":{"start":{"line":85,"column":31},"end":{"line":87,"column":15}},"18":{"start":{"line":89,"column":2},"end":{"line":104,"column":4}},"19":{"start":{"line":107,"column":23},"end":{"line":141,"column":1}},"20":{"start":{"line":115,"column":2},"end":{"line":140,"column":4}},"21":{"start":{"line":131,"column":10},"end":{"line":135,"column":null}},"22":{"start":{"line":143,"column":0},"end":{"line":143,"column":30}}},"fnMap":{"0":{"name":"(anonymous_1)","decl":{"start":{"line":32,"column":23},"end":{"line":32,"column":24}},"loc":{"start":{"line":32,"column":52},"end":{"line":34,"column":1}}},"1":{"name":"(anonymous_2)","decl":{"start":{"line":36,"column":23},"end":{"line":36,"column":24}},"loc":{"start":{"line":42,"column":5},"end":{"line":62,"column":1}}},"2":{"name":"(anonymous_3)","decl":{"start":{"line":64,"column":23},"end":{"line":64,"column":24}},"loc":{"start":{"line":69,"column":21},"end":{"line":82,"column":1}}},"3":{"name":"(anonymous_4)","decl":{"start":{"line":84,"column":27},"end":{"line":84,"column":28}},"loc":{"start":{"line":84,"column":57},"end":{"line":105,"column":1}}},"4":{"name":"(anonymous_5)","decl":{"start":{"line":107,"column":23},"end":{"line":107,"column":24}},"loc":{"start":{"line":114,"column":48},"end":{"line":141,"column":1}}},"5":{"name":"(anonymous_6)","decl":{"start":{"line":130,"column":19},"end":{"line":130,"column":20}},"loc":{"start":{"line":131,"column":10},"end":{"line":135,"column":null}}}},"branchMap":{"0":{"loc":{"start":{"line":33,"column":9},"end":{"line":33,"column":77}},"type":"binary-expr","locations":[{"start":{"line":33,"column":9},"end":{"line":33,"column":37}},{"start":{"line":33,"column":41},"end":{"line":33,"column":55}},{"start":{"line":33,"column":59},"end":{"line":33,"column":77}}]},"1":{"loc":{"start":{"line":38,"column":2},"end":{"line":38,"column":17}},"type":"default-arg","locations":[{"start":{"line":38,"column":12},"end":{"line":38,"column":17}}]},"2":{"loc":{"start":{"line":58,"column":2},"end":{"line":60,"column":3}},"type":"if","locations":[{"start":{"line":58,"column":2},"end":{"line":60,"column":3}},{"start":{},"end":{}}]},"3":{"loc":{"start":{"line":75,"column":16},"end":{"line":75,"column":30}},"type":"binary-expr","locations":[{"start":{"line":75,"column":16},"end":{"line":75,"column":22}},{"start":{"line":75,"column":26},"end":{"line":75,"column":30}}]},"4":{"loc":{"start":{"line":85,"column":31},"end":{"line":87,"column":15}},"type":"cond-expr","locations":[{"start":{"line":86,"column":6},"end":{"line":86,"column":33}},{"start":{"line":87,"column":6},"end":{"line":87,"column":15}}]},"5":{"loc":{"start":{"line":98,"column":7},"end":{"line":98,"column":61}},"type":"binary-expr","locations":[{"start":{"line":98,"column":7},"end":{"line":98,"column":24}},{"start":{"line":98,"column":28},"end":{"line":98,"column":61}}]},"6":{"loc":{"start":{"line":99,"column":7},"end":{"line":100,"column":null}},"type":"binary-expr","locations":[{"start":{"line":99,"column":7},"end":{"line":99,"column":23}},{"start":{"line":100,"column":8},"end":{"line":100,"column":65}}]},"7":{"loc":{"start":{"line":113,"column":2},"end":{"line":113,"column":33}},"type":"default-arg","locations":[{"start":{"line":113,"column":17},"end":{"line":113,"column":33}}]},"8":{"loc":{"start":{"line":115,"column":9},"end":{"line":139,"column":null}},"type":"cond-expr","locations":[{"start":{"line":116,"column":4},"end":{"line":118,"column":12}},{"start":{"line":120,"column":4},"end":{"line":138,"column":null}}]},"9":{"loc":{"start":{"line":116,"column":4},"end":{"line":118,"column":12}},"type":"cond-expr","locations":[{"start":{"line":117,"column":6},"end":{"line":117,"column":55}},{"start":{"line":118,"column":8},"end":{"line":118,"column":12}}]},"10":{"loc":{"start":{"line":116,"column":4},"end":{"line":116,"column":34}},"type":"binary-expr","locations":[{"start":{"line":116,"column":4},"end":{"line":116,"column":14}},{"start":{"line":116,"column":18},"end":{"line":116,"column":34}}]},"11":{"loc":{"start":{"line":121,"column":18},"end":{"line":121,"column":43}},"type":"binary-expr","locations":[{"start":{"line":121,"column":18},"end":{"line":121,"column":27}},{"start":{"line":121,"column":31},"end":{"line":121,"column":43}}]}},"s":{"0":1,"1":1,"2":1,"3":1,"4":1,"5":1,"6":3,"7":1,"8":1,"9":6,"10":6,"11":2,"12":6,"13":1,"14":4,"15":4,"16":1,"17":6,"18":6,"19":1,"20":3,"21":6,"22":1},"f":{"0":3,"1":6,"2":4,"3":6,"4":3,"5":6},"b":{"0":[3,3,3],"1":[4],"2":[2,4],"3":[4,0],"4":[4,2],"5":[6,4],"6":[6,2],"7":[3],"8":[1,2],"9":[0,1],"10":[1,0],"11":[2,0]}}
,"/Users/shannon.sumner/GitHub/aem-react-core-wcm-components-base/src/components/CoreButton.tsx": {"path":"/Users/shannon.sumner/GitHub/aem-react-core-wcm-components-base/src/components/CoreButton.tsx","statementMap":{"0":{"start":{"line":1,"column":0},"end":{"line":1,"column":36}},"1":{"start":{"line":2,"column":0},"end":{"line":2,"column":26}},"2":{"start":{"line":7,"column":0},"end":{"line":7,"column":45}},"3":{"start":{"line":8,"column":0},"end":{"line":8,"column":63}},"4":{"start":{"line":9,"column":0},"end":{"line":9,"column":26}},"5":{"start":{"line":26,"column":23},"end":{"line":28,"column":1}},"6":{"start":{"line":27,"column":2},"end":{"line":27,"column":76}},"7":{"start":{"line":26,"column":13},"end":{"line":26,"column":23}},"8":{"start":{"line":30,"column":22},"end":{"line":44,"column":1}},"9":{"start":{"line":31,"column":2},"end":{"line":43,"column":4}},"10":{"start":{"line":46,"column":19},"end":{"line":109,"column":1}},"11":{"start":{"line":60,"column":18},"end":{"line":64,"column":3}},"12":{"start":{"line":61,"column":4},"end":{"line":63,"column":5}},"13":{"start":{"line":62,"column":6},"end":{"line":62,"column":27}},"14":{"start":{"line":66,"column":17},"end":{"line":66,"column":34}},"15":{"start":{"line":68,"column":2},"end":{"line":108,"column":3}},"16":{"start":{"line":69,"column":4},"end":{"line":73,"column":5}},"17":{"start":{"line":70,"column":6},"end":{"line":70,"column":59}},"18":{"start":{"line":72,"column":6},"end":{"line":72,"column":18}},"19":{"start":{"line":74,"column":9},"end":{"line":108,"column":3}},"20":{"start":{"line":75,"column":4},"end":{"line":91,"column":6}},"21":{"start":{"line":93,"column":4},"end":{"line":107,"column":6}},"22":{"start":{"line":111,"column":0},"end":{"line":111,"column":26}}},"fnMap":{"0":{"name":"(anonymous_1)","decl":{"start":{"line":26,"column":23},"end":{"line":26,"column":24}},"loc":{"start":{"line":26,"column":41},"end":{"line":28,"column":1}}},"1":{"name":"(anonymous_2)","decl":{"start":{"line":30,"column":22},"end":{"line":30,"column":23}},"loc":{"start":{"line":30,"column":68},"end":{"line":44,"column":1}}},"2":{"name":"(anonymous_3)","decl":{"start":{"line":46,"column":19},"end":{"line":46,"column":20}},"loc":{"start":{"line":59,"column":44},"end":{"line":109,"column":1}}},"3":{"name":"(anonymous_4)","decl":{"start":{"line":60,"column":18},"end":{"line":60,"column":19}},"loc":{"start":{"line":60,"column":46},"end":{"line":64,"column":3}}}},"branchMap":{"0":{"loc":{"start":{"line":27,"column":9},"end":{"line":27,"column":75}},"type":"binary-expr","locations":[{"start":{"line":27,"column":9},"end":{"line":27,"column":36}},{"start":{"line":27,"column":40},"end":{"line":27,"column":53}},{"start":{"line":27,"column":57},"end":{"line":27,"column":75}}]},"1":{"loc":{"start":{"line":33,"column":7},"end":{"line":39,"column":null}},"type":"binary-expr","locations":[{"start":{"line":33,"column":7},"end":{"line":33,"column":11}},{"start":{"line":34,"column":8},"end":{"line":38,"column":null}}]},"2":{"loc":{"start":{"line":57,"column":2},"end":{"line":57,"column":29}},"type":"default-arg","locations":[{"start":{"line":57,"column":17},"end":{"line":57,"column":29}}]},"3":{"loc":{"start":{"line":58,"column":2},"end":{"line":58,"column":17}},"type":"default-arg","locations":[{"start":{"line":58,"column":9},"end":{"line":58,"column":17}}]},"4":{"loc":{"start":{"line":61,"column":4},"end":{"line":63,"column":5}},"type":"if","locations":[{"start":{"line":61,"column":4},"end":{"line":63,"column":5}},{"start":{},"end":{}}]},"5":{"loc":{"start":{"line":68,"column":2},"end":{"line":108,"column":3}},"type":"if","locations":[{"start":{"line":68,"column":2},"end":{"line":108,"column":3}},{"start":{"line":74,"column":9},"end":{"line":108,"column":3}}]},"6":{"loc":{"start":{"line":69,"column":4},"end":{"line":73,"column":5}},"type":"if","locations":[{"start":{"line":69,"column":4},"end":{"line":73,"column":5}},{"start":{"line":71,"column":11},"end":{"line":73,"column":5}}]},"7":{"loc":{"start":{"line":69,"column":8},"end":{"line":69,"column":38}},"type":"binary-expr","locations":[{"start":{"line":69,"column":8},"end":{"line":69,"column":18}},{"start":{"line":69,"column":22},"end":{"line":69,"column":38}}]},"8":{"loc":{"start":{"line":74,"column":9},"end":{"line":108,"column":3}},"type":"if","locations":[{"start":{"line":74,"column":9},"end":{"line":108,"column":3}},{"start":{"line":92,"column":9},"end":{"line":108,"column":3}}]}},"s":{"0":3,"1":3,"2":3,"3":3,"4":3,"5":3,"6":8,"7":3,"8":3,"9":7,"10":3,"11":8,"12":3,"13":3,"14":8,"15":8,"16":1,"17":0,"18":1,"19":7,"20":6,"21":1,"22":3},"f":{"0":8,"1":7,"2":8,"3":3},"b":{"0":[8,7,7],"1":[7,2],"2":[8],"3":[8],"4":[3,0],"5":[1,7],"6":[0,1],"7":[1,0],"8":[6,1]}}
,"/Users/shannon.sumner/GitHub/aem-react-core-wcm-components-base/src/components/CoreDownload.tsx": {"path":"/Users/shannon.sumner/GitHub/aem-react-core-wcm-components-base/src/components/CoreDownload.tsx","statementMap":{"0":{"start":{"line":1,"column":0},"end":{"line":1,"column":72}},"1":{"start":{"line":2,"column":0},"end":{"line":2,"column":36}},"2":{"start":{"line":3,"column":0},"end":{"line":3,"column":26}},"3":{"start":{"line":8,"column":0},"end":{"line":8,"column":49}},"4":{"start":{"line":9,"column":0},"end":{"line":9,"column":45}},"5":{"start":{"line":10,"column":0},"end":{"line":10,"column":63}},"6":{"start":{"line":11,"column":0},"end":{"line":11,"column":28}},"7":{"start":{"line":32,"column":23},"end":{"line":43,"column":1}},"8":{"start":{"line":39,"column":2},"end":{"line":42,"column":4}},"9":{"start":{"line":32,"column":13},"end":{"line":32,"column":23}},"10":{"start":{"line":45,"column":24},"end":{"line":46,"column":37}},"11":{"start":{"line":46,"column":2},"end":{"line":46,"column":37}},"12":{"start":{"line":48,"column":23},"end":{"line":65,"column":1}},"13":{"start":{"line":54,"column":2},"end":{"line":64,"column":4}},"14":{"start":{"line":67,"column":31},"end":{"line":94,"column":1}},"15":{"start":{"line":78,"column":18},"end":{"line":80,"column":3}},"16":{"start":{"line":79,"column":4},"end":{"line":79,"column":42}},"17":{"start":{"line":82,"column":2},"end":{"line":93,"column":4}},"18":{"start":{"line":96,"column":31},"end":{"line":123,"column":1}},"19":{"start":{"line":109,"column":2},"end":{"line":122,"column":4}},"20":{"start":{"line":125,"column":24},"end":{"line":151,"column":1}},"21":{"start":{"line":142,"column":2},"end":{"line":150,"column":4}},"22":{"start":{"line":153,"column":28},"end":{"line":168,"column":1}},"23":{"start":{"line":160,"column":23},"end":{"line":160,"column":48}},"24":{"start":{"line":161,"column":2},"end":{"line":167,"column":4}},"25":{"start":{"line":170,"column":21},"end":{"line":213,"column":1}},"26":{"start":{"line":187,"column":36},"end":{"line":187,"column":72}},"27":{"start":{"line":188,"column":15},"end":{"line":188,"column":25}},"28":{"start":{"line":189,"column":2},"end":{"line":193,"column":3}},"29":{"start":{"line":190,"column":4},"end":{"line":192,"column":6}},"30":{"start":{"line":195,"column":18},"end":{"line":199,"column":3}},"31":{"start":{"line":196,"column":4},"end":{"line":198,"column":5}},"32":{"start":{"line":197,"column":6},"end":{"line":197,"column":27}},"33":{"start":{"line":201,"column":2},"end":{"line":212,"column":4}},"34":{"start":{"line":215,"column":21},"end":{"line":286,"column":1}},"35":{"start":{"line":236,"column":4},"end":{"line":236,"column":51}},"36":{"start":{"line":237,"column":2},"end":{"line":285,"column":4}},"37":{"start":{"line":288,"column":0},"end":{"line":288,"column":28}}},"fnMap":{"0":{"name":"(anonymous_1)","decl":{"start":{"line":32,"column":23},"end":{"line":32,"column":24}},"loc":{"start":{"line":38,"column":5},"end":{"line":43,"column":1}}},"1":{"name":"(anonymous_2)","decl":{"start":{"line":45,"column":24},"end":{"line":45,"column":25}},"loc":{"start":{"line":46,"column":2},"end":{"line":46,"column":37}}},"2":{"name":"(anonymous_3)","decl":{"start":{"line":48,"column":23},"end":{"line":48,"column":null}},"loc":{"start":{"line":53,"column":4},"end":{"line":65,"column":1}}},"3":{"name":"(anonymous_4)","decl":{"start":{"line":67,"column":31},"end":{"line":67,"column":32}},"loc":{"start":{"line":77,"column":5},"end":{"line":94,"column":1}}},"4":{"name":"(anonymous_5)","decl":{"start":{"line":78,"column":18},"end":{"line":78,"column":19}},"loc":{"start":{"line":78,"column":46},"end":{"line":80,"column":3}}},"5":{"name":"(anonymous_6)","decl":{"start":{"line":96,"column":31},"end":{"line":96,"column":32}},"loc":{"start":{"line":108,"column":5},"end":{"line":123,"column":1}}},"6":{"name":"(anonymous_7)","decl":{"start":{"line":125,"column":24},"end":{"line":125,"column":25}},"loc":{"start":{"line":141,"column":5},"end":{"line":151,"column":1}}},"7":{"name":"(anonymous_8)","decl":{"start":{"line":153,"column":28},"end":{"line":153,"column":29}},"loc":{"start":{"line":159,"column":5},"end":{"line":168,"column":1}}},"8":{"name":"(anonymous_9)","decl":{"start":{"line":170,"column":21},"end":{"line":170,"column":22}},"loc":{"start":{"line":186,"column":5},"end":{"line":213,"column":1}}},"9":{"name":"(anonymous_10)","decl":{"start":{"line":195,"column":18},"end":{"line":195,"column":19}},"loc":{"start":{"line":195,"column":46},"end":{"line":199,"column":3}}},"10":{"name":"(anonymous_11)","decl":{"start":{"line":215,"column":21},"end":{"line":215,"column":22}},"loc":{"start":{"line":234,"column":46},"end":{"line":286,"column":1}}}},"branchMap":{"0":{"loc":{"start":{"line":40,"column":4},"end":{"line":41,"column":68}},"type":"binary-expr","locations":[{"start":{"line":40,"column":5},"end":{"line":40,"column":31}},{"start":{"line":40,"column":35},"end":{"line":40,"column":47}},{"start":{"line":40,"column":51},"end":{"line":40,"column":68}},{"start":{"line":41,"column":5},"end":{"line":41,"column":41}},{"start":{"line":41,"column":45},"end":{"line":41,"column":67}}]},"1":{"loc":{"start":{"line":46,"column":2},"end":{"line":46,"column":37}},"type":"cond-expr","locations":[{"start":{"line":46,"column":28},"end":{"line":46,"column":31}},{"start":{"line":46,"column":34},"end":{"line":46,"column":37}}]},"2":{"loc":{"start":{"line":46,"column":2},"end":{"line":46,"column":25}},"type":"binary-expr","locations":[{"start":{"line":46,"column":2},"end":{"line":46,"column":7}},{"start":{"line":46,"column":11},"end":{"line":46,"column":25}}]},"3":{"loc":{"start":{"line":79,"column":4},"end":{"line":79,"column":41}},"type":"binary-expr","locations":[{"start":{"line":79,"column":4},"end":{"line":79,"column":17}},{"start":{"line":79,"column":21},"end":{"line":79,"column":41}}]},"4":{"loc":{"start":{"line":82,"column":9},"end":{"line":92,"column":null}},"type":"cond-expr","locations":[{"start":{"line":83,"column":4},"end":{"line":89,"column":null}},{"start":{"line":92,"column":4},"end":{"line":92,"column":9}}]},"5":{"loc":{"start":{"line":82,"column":10},"end":{"line":82,"column":53}},"type":"binary-expr","locations":[{"start":{"line":82,"column":11},"end":{"line":82,"column":14}},{"start":{"line":82,"column":18},"end":{"line":82,"column":35}},{"start":{"line":82,"column":40},"end":{"line":82,"column":53}}]},"6":{"loc":{"start":{"line":101,"column":2},"end":{"line":101,"column":18}},"type":"default-arg","locations":[{"start":{"line":101,"column":14},"end":{"line":101,"column":18}}]},"7":{"loc":{"start":{"line":144,"column":7},"end":{"line":145,"column":70}},"type":"binary-expr","locations":[{"start":{"line":144,"column":7},"end":{"line":144,"column":22}},{"start":{"line":145,"column":8},"end":{"line":145,"column":70}}]},"8":{"loc":{"start":{"line":146,"column":7},"end":{"line":146,"column":72}},"type":"binary-expr","locations":[{"start":{"line":146,"column":7},"end":{"line":146,"column":18}},{"start":{"line":146,"column":22},"end":{"line":146,"column":72}}]},"9":{"loc":{"start":{"line":147,"column":7},"end":{"line":148,"column":64}},"type":"binary-expr","locations":[{"start":{"line":147,"column":7},"end":{"line":147,"column":20}},{"start":{"line":148,"column":8},"end":{"line":148,"column":64}}]},"10":{"loc":{"start":{"line":160,"column":23},"end":{"line":160,"column":48}},"type":"binary-expr","locations":[{"start":{"line":160,"column":23},"end":{"line":160,"column":42}},{"start":{"line":160,"column":46},"end":{"line":160,"column":48}}]},"11":{"loc":{"start":{"line":171,"column":2},"end":{"line":171,"column":25}},"type":"default-arg","locations":[{"start":{"line":171,"column":15},"end":{"line":171,"column":25}}]},"12":{"loc":{"start":{"line":187,"column":36},"end":{"line":187,"column":72}},"type":"binary-expr","locations":[{"start":{"line":187,"column":36},"end":{"line":187,"column":52}},{"start":{"line":187,"column":56},"end":{"line":187,"column":72}}]},"13":{"loc":{"start":{"line":189,"column":2},"end":{"line":193,"column":3}},"type":"if","locations":[{"start":{"line":189,"column":2},"end":{"line":193,"column":3}},{"start":{},"end":{}}]},"14":{"loc":{"start":{"line":196,"column":4},"end":{"line":198,"column":5}},"type":"if","locations":[{"start":{"line":196,"column":4},"end":{"line":198,"column":5}},{"start":{},"end":{}}]},"15":{"loc":{"start":{"line":204,"column":27},"end":{"line":204,"column":37}},"type":"binary-expr","locations":[{"start":{"line":204,"column":27},"end":{"line":204,"column":30}},{"start":{"line":204,"column":34},"end":{"line":204,"column":37}}]},"16":{"loc":{"start":{"line":230,"column":2},"end":{"line":230,"column":31}},"type":"default-arg","locations":[{"start":{"line":230,"column":17},"end":{"line":230,"column":31}}]},"17":{"loc":{"start":{"line":231,"column":2},"end":{"line":231,"column":25}},"type":"default-arg","locations":[{"start":{"line":231,"column":20},"end":{"line":231,"column":25}}]},"18":{"loc":{"start":{"line":232,"column":2},"end":{"line":232,"column":23}},"type":"default-arg","locations":[{"start":{"line":232,"column":18},"end":{"line":232,"column":23}}]},"19":{"loc":{"start":{"line":233,"column":2},"end":{"line":233,"column":21}},"type":"default-arg","locations":[{"start":{"line":233,"column":16},"end":{"line":233,"column":21}}]},"20":{"loc":{"start":{"line":236,"column":4},"end":{"line":236,"column":51}},"type":"binary-expr","locations":[{"start":{"line":236,"column":4},"end":{"line":236,"column":19}},{"start":{"line":236,"column":23},"end":{"line":236,"column":34}},{"start":{"line":236,"column":38},"end":{"line":236,"column":51}}]},"21":{"loc":{"start":{"line":237,"column":9},"end":{"line":284,"column":null}},"type":"cond-expr","locations":[{"start":{"line":238,"column":4},"end":{"line":240,"column":12}},{"start":{"line":242,"column":4},"end":{"line":283,"column":null}}]},"22":{"loc":{"start":{"line":238,"column":4},"end":{"line":240,"column":12}},"type":"cond-expr","locations":[{"start":{"line":239,"column":6},"end":{"line":239,"column":53}},{"start":{"line":240,"column":8},"end":{"line":240,"column":12}}]},"23":{"loc":{"start":{"line":238,"column":4},"end":{"line":238,"column":34}},"type":"binary-expr","locations":[{"start":{"line":238,"column":4},"end":{"line":238,"column":14}},{"start":{"line":238,"column":18},"end":{"line":238,"column":34}}]},"24":{"loc":{"start":{"line":246,"column":7},"end":{"line":255,"column":null}},"type":"binary-expr","locations":[{"start":{"line":246,"column":7},"end":{"line":246,"column":14}},{"start":{"line":247,"column":8},"end":{"line":253,"column":null}}]},"25":{"loc":{"start":{"line":257,"column":7},"end":{"line":258,"column":null}},"type":"binary-expr","locations":[{"start":{"line":257,"column":7},"end":{"line":257,"column":20}},{"start":{"line":258,"column":8},"end":{"line":258,"column":66}}]},"26":{"loc":{"start":{"line":260,"column":7},"end":{"line":271,"column":null}},"type":"binary-expr","locations":[{"start":{"line":260,"column":7},"end":{"line":260,"column":29}},{"start":{"line":261,"column":8},"end":{"line":269,"column":null}}]}},"s":{"0":1,"1":1,"2":1,"3":1,"4":1,"5":1,"6":1,"7":1,"8":2,"9":1,"10":1,"11":1,"12":1,"13":3,"14":1,"15":1,"16":0,"17":1,"18":1,"19":1,"20":1,"21":1,"22":1,"23":1,"24":1,"25":1,"26":1,"27":1,"28":1,"29":1,"30":1,"31":1,"32":1,"33":1,"34":1,"35":2,"36":2,"37":1},"f":{"0":2,"1":1,"2":3,"3":1,"4":0,"5":1,"6":1,"7":1,"8":1,"9":1,"10":2},"b":{"0":[2,1,1,1,0],"1":[1,0],"2":[1,1],"3":[0,0],"4":[1,0],"5":[1,1,0],"6":[0],"7":[1,1],"8":[1,1],"9":[1,1],"10":[1,0],"11":[1],"12":[1,0],"13":[1,0],"14":[1,0],"15":[1,0],"16":[2],"17":[0],"18":[0],"19":[0],"20":[2,0,0],"21":[1,1],"22":[0,1],"23":[1,0],"24":[1,1],"25":[1,1],"26":[1,1]}}
,"/Users/shannon.sumner/GitHub/aem-react-core-wcm-components-base/src/components/CoreEmbed.tsx": {"path":"/Users/shannon.sumner/GitHub/aem-react-core-wcm-components-base/src/components/CoreEmbed.tsx","statementMap":{"0":{"start":{"line":1,"column":0},"end":{"line":1,"column":36}},"1":{"start":{"line":2,"column":0},"end":{"line":2,"column":34}},"2":{"start":{"line":3,"column":0},"end":{"line":3,"column":38}},"3":{"start":{"line":4,"column":0},"end":{"line":4,"column":49}},"4":{"start":{"line":9,"column":0},"end":{"line":9,"column":63}},"5":{"start":{"line":10,"column":0},"end":{"line":10,"column":25}},"6":{"start":{"line":60,"column":23},"end":{"line":72,"column":1}},"7":{"start":{"line":61,"column":22},"end":{"line":61,"column":27}},"8":{"start":{"line":62,"column":2},"end":{"line":70,"column":3}},"9":{"start":{"line":63,"column":4},"end":{"line":65,"column":53}},"10":{"start":{"line":66,"column":9},"end":{"line":70,"column":3}},"11":{"start":{"line":67,"column":4},"end":{"line":67,"column":78}},"12":{"start":{"line":68,"column":9},"end":{"line":70,"column":3}},"13":{"start":{"line":69,"column":4},"end":{"line":69,"column":40}},"14":{"start":{"line":71,"column":2},"end":{"line":71,"column":34}},"15":{"start":{"line":60,"column":13},"end":{"line":60,"column":23}},"16":{"start":{"line":74,"column":31},"end":{"line":112,"column":1}},"17":{"start":{"line":76,"column":2},"end":{"line":80,"column":3}},"18":{"start":{"line":77,"column":4},"end":{"line":77,"column":46}},"19":{"start":{"line":78,"column":9},"end":{"line":80,"column":3}},"20":{"start":{"line":79,"column":4},"end":{"line":79,"column":47}},"21":{"start":{"line":82,"column":2},"end":{"line":111,"column":3}},"22":{"start":{"line":83,"column":26},"end":{"line":83,"column":72}},"23":{"start":{"line":85,"column":4},"end":{"line":110,"column":5}},"24":{"start":{"line":86,"column":6},"end":{"line":97,"column":11}},"25":{"start":{"line":88,"column":10},"end":{"line":90,"column":11}},"26":{"start":{"line":89,"column":12},"end":{"line":89,"column":36}},"27":{"start":{"line":91,"column":10},"end":{"line":91,"column":75}},"28":{"start":{"line":92,"column":11},"end":{"line":93,"column":28}},"29":{"start":{"line":96,"column":10},"end":{"line":96,"column":29}},"30":{"start":{"line":98,"column":11},"end":{"line":110,"column":5}},"31":{"start":{"line":101,"column":6},"end":{"line":103,"column":7}},"32":{"start":{"line":102,"column":8},"end":{"line":102,"column":32}},"33":{"start":{"line":105,"column":6},"end":{"line":109,"column":9}},"34":{"start":{"line":106,"column":8},"end":{"line":108,"column":9}},"35":{"start":{"line":107,"column":10},"end":{"line":107,"column":34}},"36":{"start":{"line":114,"column":19},"end":{"line":139,"column":4}},"37":{"start":{"line":115,"column":2},"end":{"line":139,"column":4}},"38":{"start":{"line":116,"column":4},"end":{"line":138,"column":5}},"39":{"start":{"line":117,"column":28},"end":{"line":117,"column":60}},"40":{"start":{"line":118,"column":6},"end":{"line":118,"column":32}},"41":{"start":{"line":119,"column":6},"end":{"line":119,"column":34}},"42":{"start":{"line":120,"column":6},"end":{"line":120,"column":33}},"43":{"start":{"line":122,"column":6},"end":{"line":124,"column":9}},"44":{"start":{"line":123,"column":8},"end":{"line":123,"column":34}},"45":{"start":{"line":126,"column":6},"end":{"line":133,"column":9}},"46":{"start":{"line":127,"column":24},"end":{"line":127,"column":63}},"47":{"start":{"line":129,"column":8},"end":{"line":132,"column":11}},"48":{"start":{"line":135,"column":6},"end":{"line":135,"column":47}},"49":{"start":{"line":137,"column":6},"end":{"line":137,"column":20}},"50":{"start":{"line":141,"column":33},"end":{"line":147,"column":1}},"51":{"start":{"line":142,"column":2},"end":{"line":145,"column":3}},"52":{"start":{"line":143,"column":25},"end":{"line":143,"column":39}},"53":{"start":{"line":144,"column":4},"end":{"line":144,"column":25}},"54":{"start":{"line":146,"column":2},"end":{"line":146,"column":19}},"55":{"start":{"line":149,"column":25},"end":{"line":157,"column":1}},"56":{"start":{"line":150,"column":2},"end":{"line":155,"column":3}},"57":{"start":{"line":151,"column":21},"end":{"line":151,"column":null}},"58":{"start":{"line":154,"column":4},"end":{"line":154,"column":24}},"59":{"start":{"line":156,"column":2},"end":{"line":156,"column":19}},"60":{"start":{"line":159,"column":27},"end":{"line":167,"column":1}},"61":{"start":{"line":160,"column":2},"end":{"line":165,"column":3}},"62":{"start":{"line":161,"column":21},"end":{"line":161,"column":null}},"63":{"start":{"line":164,"column":4},"end":{"line":164,"column":26}},"64":{"start":{"line":166,"column":2},"end":{"line":166,"column":19}},"65":{"start":{"line":169,"column":34},"end":{"line":175,"column":1}},"66":{"start":{"line":170,"column":2},"end":{"line":173,"column":3}},"67":{"start":{"line":171,"column":25},"end":{"line":171,"column":39}},"68":{"start":{"line":172,"column":4},"end":{"line":172,"column":25}},"69":{"start":{"line":174,"column":2},"end":{"line":174,"column":19}},"70":{"start":{"line":178,"column":17},"end":{"line":178,"column":59}},"71":{"start":{"line":178,"column":35},"end":{"line":178,"column":59}},"72":{"start":{"line":180,"column":22},"end":{"line":198,"column":1}},"73":{"start":{"line":181,"column":18},"end":{"line":181,"column":46}},"74":{"start":{"line":182,"column":19},"end":{"line":182,"column":48}},"75":{"start":{"line":183,"column":15},"end":{"line":183,"column":40}},"76":{"start":{"line":184,"column":15},"end":{"line":184,"column":40}},"77":{"start":{"line":185,"column":22},"end":{"line":185,"column":54}},"78":{"start":{"line":186,"column":14},"end":{"line":186,"column":38}},"79":{"start":{"line":187,"column":21},"end":{"line":187,"column":63}},"80":{"start":{"line":188,"column":44},"end":{"line":195,"column":4}},"81":{"start":{"line":196,"column":27},"end":{"line":196,"column":68}},"82":{"start":{"line":197,"column":2},"end":{"line":197,"column":45}},"83":{"start":{"line":200,"column":21},"end":{"line":228,"column":1}},"84":{"start":{"line":201,"column":2},"end":{"line":227,"column":3}},"85":{"start":{"line":202,"column":4},"end":{"line":202,"column":40}},"86":{"start":{"line":203,"column":9},"end":{"line":227,"column":3}},"87":{"start":{"line":204,"column":4},"end":{"line":218,"column":6}},"88":{"start":{"line":219,"column":9},"end":{"line":227,"column":3}},"89":{"start":{"line":220,"column":4},"end":{"line":226,"column":6}},"90":{"start":{"line":230,"column":21},"end":{"line":255,"column":1}},"91":{"start":{"line":231,"column":2},"end":{"line":254,"column":4}},"92":{"start":{"line":257,"column":19},"end":{"line":270,"column":1}},"93":{"start":{"line":258,"column":2},"end":{"line":269,"column":11}},"94":{"start":{"line":272,"column":22},"end":{"line":291,"column":1}},"95":{"start":{"line":273,"column":32},"end":{"line":273,"column":71}},"96":{"start":{"line":274,"column":2},"end":{"line":290,"column":3}},"97":{"start":{"line":275,"column":4},"end":{"line":275,"column":44}},"98":{"start":{"line":276,"column":9},"end":{"line":290,"column":3}},"99":{"start":{"line":277,"column":4},"end":{"line":281,"column":6}},"100":{"start":{"line":282,"column":9},"end":{"line":290,"column":3}},"101":{"start":{"line":283,"column":4},"end":{"line":285,"column":13}},"102":{"start":{"line":286,"column":9},"end":{"line":290,"column":3}},"103":{"start":{"line":287,"column":4},"end":{"line":289,"column":13}},"104":{"start":{"line":293,"column":18},"end":{"line":332,"column":1}},"105":{"start":{"line":294,"column":23},"end":{"line":294,"column":56}},"106":{"start":{"line":295,"column":32},"end":{"line":295,"column":58}},"107":{"start":{"line":296,"column":25},"end":{"line":296,"column":37}},"108":{"start":{"line":298,"column":2},"end":{"line":306,"column":9}},"109":{"start":{"line":299,"column":4},"end":{"line":305,"column":5}},"110":{"start":{"line":300,"column":33},"end":{"line":301,"column":26}},"111":{"start":{"line":302,"column":6},"end":{"line":304,"column":7}},"112":{"start":{"line":303,"column":8},"end":{"line":303,"column":50}},"113":{"start":{"line":308,"column":2},"end":{"line":310,"column":3}},"114":{"start":{"line":309,"column":4},"end":{"line":309,"column":47}},"115":{"start":{"line":312,"column":2},"end":{"line":314,"column":3}},"116":{"start":{"line":313,"column":4},"end":{"line":313,"column":27}},"117":{"start":{"line":316,"column":2},"end":{"line":331,"column":4}},"118":{"start":{"line":334,"column":0},"end":{"line":334,"column":25}}},"fnMap":{"0":{"name":"(anonymous_10)","decl":{"start":{"line":60,"column":23},"end":{"line":60,"column":24}},"loc":{"start":{"line":60,"column":45},"end":{"line":72,"column":1}}},"1":{"name":"(anonymous_11)","decl":{"start":{"line":74,"column":31},"end":{"line":74,"column":32}},"loc":{"start":{"line":74,"column":52},"end":{"line":112,"column":1}}},"2":{"name":"(anonymous_12)","decl":{"start":{"line":87,"column":14},"end":{"line":87,"column":17}},"loc":{"start":{"line":87,"column":19},"end":{"line":94,"column":9}}},"3":{"name":"(anonymous_13)","decl":{"start":{"line":95,"column":15},"end":{"line":95,"column":16}},"loc":{"start":{"line":95,"column":23},"end":{"line":97,"column":9}}},"4":{"name":"(anonymous_14)","decl":{"start":{"line":105,"column":47},"end":{"line":105,"column":50}},"loc":{"start":{"line":105,"column":52},"end":{"line":109,"column":7}}},"5":{"name":"(anonymous_15)","decl":{"start":{"line":114,"column":19},"end":{"line":114,"column":20}},"loc":{"start":{"line":115,"column":2},"end":{"line":139,"column":4}}},"6":{"name":"(anonymous_16)","decl":{"start":{"line":115,"column":14},"end":{"line":115,"column":15}},"loc":{"start":{"line":115,"column":34},"end":{"line":139,"column":3}}},"7":{"name":"(anonymous_17)","decl":{"start":{"line":122,"column":45},"end":{"line":122,"column":48}},"loc":{"start":{"line":122,"column":50},"end":{"line":124,"column":7}}},"8":{"name":"(anonymous_18)","decl":{"start":{"line":126,"column":46},"end":{"line":126,"column":49}},"loc":{"start":{"line":126,"column":51},"end":{"line":133,"column":7}}},"9":{"name":"(anonymous_19)","decl":{"start":{"line":141,"column":33},"end":{"line":141,"column":34}},"loc":{"start":{"line":141,"column":60},"end":{"line":147,"column":1}}},"10":{"name":"(anonymous_20)","decl":{"start":{"line":149,"column":25},"end":{"line":149,"column":26}},"loc":{"start":{"line":149,"column":52},"end":{"line":157,"column":1}}},"11":{"name":"(anonymous_21)","decl":{"start":{"line":159,"column":27},"end":{"line":159,"column":28}},"loc":{"start":{"line":159,"column":54},"end":{"line":167,"column":1}}},"12":{"name":"(anonymous_22)","decl":{"start":{"line":169,"column":34},"end":{"line":169,"column":35}},"loc":{"start":{"line":169,"column":61},"end":{"line":175,"column":1}}},"13":{"name":"(anonymous_23)","decl":{"start":{"line":178,"column":17},"end":{"line":178,"column":18}},"loc":{"start":{"line":178,"column":35},"end":{"line":178,"column":59}}},"14":{"name":"(anonymous_24)","decl":{"start":{"line":180,"column":22},"end":{"line":180,"column":23}},"loc":{"start":{"line":180,"column":53},"end":{"line":198,"column":1}}},"15":{"name":"(anonymous_25)","decl":{"start":{"line":200,"column":21},"end":{"line":200,"column":22}},"loc":{"start":{"line":200,"column":43},"end":{"line":228,"column":1}}},"16":{"name":"(anonymous_26)","decl":{"start":{"line":230,"column":21},"end":{"line":230,"column":22}},"loc":{"start":{"line":230,"column":43},"end":{"line":255,"column":1}}},"17":{"name":"(anonymous_27)","decl":{"start":{"line":257,"column":19},"end":{"line":257,"column":20}},"loc":{"start":{"line":257,"column":46},"end":{"line":270,"column":1}}},"18":{"name":"(anonymous_28)","decl":{"start":{"line":272,"column":22},"end":{"line":272,"column":23}},"loc":{"start":{"line":272,"column":44},"end":{"line":291,"column":1}}},"19":{"name":"(anonymous_29)","decl":{"start":{"line":293,"column":18},"end":{"line":293,"column":19}},"loc":{"start":{"line":293,"column":66},"end":{"line":332,"column":1}}},"20":{"name":"(anonymous_30)","decl":{"start":{"line":298,"column":12},"end":{"line":298,"column":15}},"loc":{"start":{"line":298,"column":17},"end":{"line":306,"column":3}}}},"branchMap":{"0":{"loc":{"start":{"line":62,"column":2},"end":{"line":70,"column":3}},"type":"if","locations":[{"start":{"line":62,"column":2},"end":{"line":70,"column":3}},{"start":{"line":66,"column":9},"end":{"line":70,"column":3}}]},"1":{"loc":{"start":{"line":64,"column":6},"end":{"line":65,"column":52}},"type":"binary-expr","locations":[{"start":{"line":64,"column":6},"end":{"line":64,"column":38}},{"start":{"line":65,"column":6},"end":{"line":65,"column":52}}]},"2":{"loc":{"start":{"line":66,"column":9},"end":{"line":70,"column":3}},"type":"if","locations":[{"start":{"line":66,"column":9},"end":{"line":70,"column":3}},{"start":{"line":68,"column":9},"end":{"line":70,"column":3}}]},"3":{"loc":{"start":{"line":68,"column":9},"end":{"line":70,"column":3}},"type":"if","locations":[{"start":{"line":68,"column":9},"end":{"line":70,"column":3}},{"start":{},"end":{}}]},"4":{"loc":{"start":{"line":71,"column":9},"end":{"line":71,"column":33}},"type":"binary-expr","locations":[{"start":{"line":71,"column":9},"end":{"line":71,"column":15}},{"start":{"line":71,"column":19},"end":{"line":71,"column":33}}]},"5":{"loc":{"start":{"line":76,"column":2},"end":{"line":80,"column":3}},"type":"if","locations":[{"start":{"line":76,"column":2},"end":{"line":80,"column":3}},{"start":{"line":78,"column":9},"end":{"line":80,"column":3}}]},"6":{"loc":{"start":{"line":78,"column":9},"end":{"line":80,"column":3}},"type":"if","locations":[{"start":{"line":78,"column":9},"end":{"line":80,"column":3}},{"start":{},"end":{}}]},"7":{"loc":{"start":{"line":82,"column":2},"end":{"line":111,"column":3}},"type":"if","locations":[{"start":{"line":82,"column":2},"end":{"line":111,"column":3}},{"start":{},"end":{}}]},"8":{"loc":{"start":{"line":85,"column":4},"end":{"line":110,"column":5}},"type":"if","locations":[{"start":{"line":85,"column":4},"end":{"line":110,"column":5}},{"start":{"line":98,"column":11},"end":{"line":110,"column":5}}]},"9":{"loc":{"start":{"line":88,"column":10},"end":{"line":90,"column":11}},"type":"if","locations":[{"start":{"line":88,"column":10},"end":{"line":90,"column":11}},{"start":{},"end":{}}]},"10":{"loc":{"start":{"line":98,"column":11},"end":{"line":110,"column":5}},"type":"if","locations":[{"start":{"line":98,"column":11},"end":{"line":110,"column":5}},{"start":{"line":104,"column":11},"end":{"line":110,"column":5}}]},"11":{"loc":{"start":{"line":101,"column":6},"end":{"line":103,"column":7}},"type":"if","locations":[{"start":{"line":101,"column":6},"end":{"line":103,"column":7}},{"start":{},"end":{}}]},"12":{"loc":{"start":{"line":106,"column":8},"end":{"line":108,"column":9}},"type":"if","locations":[{"start":{"line":106,"column":8},"end":{"line":108,"column":9}},{"start":{},"end":{}}]},"13":{"loc":{"start":{"line":114,"column":36},"end":{"line":114,"column":48}},"type":"default-arg","locations":[{"start":{"line":114,"column":44},"end":{"line":114,"column":48}}]},"14":{"loc":{"start":{"line":114,"column":50},"end":{"line":114,"column":74}},"type":"default-arg","locations":[{"start":{"line":114,"column":57},"end":{"line":114,"column":74}}]},"15":{"loc":{"start":{"line":142,"column":2},"end":{"line":145,"column":3}},"type":"if","locations":[{"start":{"line":142,"column":2},"end":{"line":145,"column":3}},{"start":{},"end":{}}]},"16":{"loc":{"start":{"line":150,"column":2},"end":{"line":155,"column":3}},"type":"if","locations":[{"start":{"line":150,"column":2},"end":{"line":155,"column":3}},{"start":{},"end":{}}]},"17":{"loc":{"start":{"line":160,"column":2},"end":{"line":165,"column":3}},"type":"if","locations":[{"start":{"line":160,"column":2},"end":{"line":165,"column":3}},{"start":{},"end":{}}]},"18":{"loc":{"start":{"line":170,"column":2},"end":{"line":173,"column":3}},"type":"if","locations":[{"start":{"line":170,"column":2},"end":{"line":173,"column":3}},{"start":{},"end":{}}]},"19":{"loc":{"start":{"line":201,"column":2},"end":{"line":227,"column":3}},"type":"if","locations":[{"start":{"line":201,"column":2},"end":{"line":227,"column":3}},{"start":{"line":203,"column":9},"end":{"line":227,"column":3}}]},"20":{"loc":{"start":{"line":203,"column":9},"end":{"line":227,"column":3}},"type":"if","locations":[{"start":{"line":203,"column":9},"end":{"line":227,"column":3}},{"start":{"line":219,"column":9},"end":{"line":227,"column":3}}]},"21":{"loc":{"start":{"line":204,"column":11},"end":{"line":217,"column":null}},"type":"cond-expr","locations":[{"start":{"line":205,"column":6},"end":{"line":214,"column":null}},{"start":{"line":217,"column":6},"end":{"line":217,"column":33}}]},"22":{"loc":{"start":{"line":209,"column":12},"end":{"line":211,"column":17}},"type":"cond-expr","locations":[{"start":{"line":210,"column":16},"end":{"line":210,"column":60}},{"start":{"line":211,"column":16},"end":{"line":211,"column":17}}]},"23":{"loc":{"start":{"line":219,"column":9},"end":{"line":227,"column":3}},"type":"if","locations":[{"start":{"line":219,"column":9},"end":{"line":227,"column":3}},{"start":{},"end":{}}]},"24":{"loc":{"start":{"line":220,"column":11},"end":{"line":225,"column":null}},"type":"cond-expr","locations":[{"start":{"line":221,"column":6},"end":{"line":222,"column":null}},{"start":{"line":225,"column":6},"end":{"line":225,"column":34}}]},"25":{"loc":{"start":{"line":234,"column":15},"end":{"line":236,"column":25}},"type":"cond-expr","locations":[{"start":{"line":235,"column":12},"end":{"line":235,"column":35}},{"start":{"line":236,"column":12},"end":{"line":236,"column":25}}]},"26":{"loc":{"start":{"line":242,"column":10},"end":{"line":244,"column":47}},"type":"cond-expr","locations":[{"start":{"line":243,"column":14},"end":{"line":243,"column":20}},{"start":{"line":244,"column":14},"end":{"line":244,"column":47}}]},"27":{"loc":{"start":{"line":249,"column":10},"end":{"line":251,"column":46}},"type":"cond-expr","locations":[{"start":{"line":250,"column":14},"end":{"line":250,"column":20}},{"start":{"line":251,"column":14},"end":{"line":251,"column":46}}]},"28":{"loc":{"start":{"line":258,"column":9},"end":{"line":269,"column":10}},"type":"cond-expr","locations":[{"start":{"line":260,"column":4},"end":{"line":266,"column":null}},{"start":{"line":269,"column":6},"end":{"line":269,"column":10}}]},"29":{"loc":{"start":{"line":274,"column":2},"end":{"line":290,"column":3}},"type":"if","locations":[{"start":{"line":274,"column":2},"end":{"line":290,"column":3}},{"start":{"line":276,"column":9},"end":{"line":290,"column":3}}]},"30":{"loc":{"start":{"line":276,"column":9},"end":{"line":290,"column":3}},"type":"if","locations":[{"start":{"line":276,"column":9},"end":{"line":290,"column":3}},{"start":{"line":282,"column":9},"end":{"line":290,"column":3}}]},"31":{"loc":{"start":{"line":282,"column":9},"end":{"line":290,"column":3}},"type":"if","locations":[{"start":{"line":282,"column":9},"end":{"line":290,"column":3}},{"start":{"line":286,"column":9},"end":{"line":290,"column":3}}]},"32":{"loc":{"start":{"line":283,"column":11},"end":{"line":285,"column":12}},"type":"cond-expr","locations":[{"start":{"line":284,"column":8},"end":{"line":284,"column":56}},{"start":{"line":285,"column":8},"end":{"line":285,"column":12}}]},"33":{"loc":{"start":{"line":286,"column":9},"end":{"line":290,"column":3}},"type":"if","locations":[{"start":{"line":286,"column":9},"end":{"line":290,"column":3}},{"start":{},"end":{}}]},"34":{"loc":{"start":{"line":287,"column":11},"end":{"line":289,"column":12}},"type":"cond-expr","locations":[{"start":{"line":288,"column":8},"end":{"line":288,"column":66}},{"start":{"line":289,"column":8},"end":{"line":289,"column":12}}]},"35":{"loc":{"start":{"line":294,"column":23},"end":{"line":294,"column":56}},"type":"binary-expr","locations":[{"start":{"line":294,"column":23},"end":{"line":294,"column":41}},{"start":{"line":294,"column":45},"end":{"line":294,"column":56}}]},"36":{"loc":{"start":{"line":299,"column":4},"end":{"line":305,"column":5}},"type":"if","locations":[{"start":{"line":299,"column":4},"end":{"line":305,"column":5}},{"start":{},"end":{}}]},"37":{"loc":{"start":{"line":302,"column":6},"end":{"line":304,"column":7}},"type":"if","locations":[{"start":{"line":302,"column":6},"end":{"line":304,"column":7}},{"start":{},"end":{}}]},"38":{"loc":{"start":{"line":308,"column":2},"end":{"line":310,"column":3}},"type":"if","locations":[{"start":{"line":308,"column":2},"end":{"line":310,"column":3}},{"start":{},"end":{}}]},"39":{"loc":{"start":{"line":308,"column":6},"end":{"line":308,"column":77}},"type":"binary-expr","locations":[{"start":{"line":308,"column":6},"end":{"line":308,"column":42}},{"start":{"line":308,"column":46},"end":{"line":308,"column":77}}]},"40":{"loc":{"start":{"line":312,"column":2},"end":{"line":314,"column":3}},"type":"if","locations":[{"start":{"line":312,"column":2},"end":{"line":314,"column":3}},{"start":{},"end":{}}]},"41":{"loc":{"start":{"line":316,"column":9},"end":{"line":330,"column":null}},"type":"cond-expr","locations":[{"start":{"line":317,"column":4},"end":{"line":319,"column":12}},{"start":{"line":321,"column":4},"end":{"line":329,"column":null}}]},"42":{"loc":{"start":{"line":317,"column":4},"end":{"line":319,"column":12}},"type":"cond-expr","locations":[{"start":{"line":318,"column":6},"end":{"line":318,"column":50}},{"start":{"line":319,"column":8},"end":{"line":319,"column":12}}]},"43":{"loc":{"start":{"line":317,"column":4},"end":{"line":317,"column":46}},"type":"binary-expr","locations":[{"start":{"line":317,"column":4},"end":{"line":317,"column":20}},{"start":{"line":317,"column":24},"end":{"line":317,"column":46}}]},"44":{"loc":{"start":{"line":322,"column":28},"end":{"line":322,"column":61}},"type":"binary-expr","locations":[{"start":{"line":322,"column":28},"end":{"line":322,"column":46}},{"start":{"line":322,"column":50},"end":{"line":322,"column":61}}]},"45":{"loc":{"start":{"line":323,"column":23},"end":{"line":323,"column":48}},"type":"binary-expr","locations":[{"start":{"line":323,"column":23},"end":{"line":323,"column":39}},{"start":{"line":323,"column":43},"end":{"line":323,"column":48}}]},"46":{"loc":{"start":{"line":327,"column":11},"end":{"line":327,"column":56}},"type":"cond-expr","locations":[{"start":{"line":327,"column":22},"end":{"line":327,"column":51}},{"start":{"line":327,"column":54},"end":{"line":327,"column":56}}]}},"s":{"0":1,"1":1,"2":1,"3":1,"4":1,"5":1,"6":1,"7":11,"8":11,"9":4,"10":7,"11":4,"12":3,"13":3,"14":11,"15":1,"16":1,"17":2,"18":0,"19":2,"20":1,"21":2,"22":1,"23":1,"24":1,"25":0,"26":0,"27":0,"28":0,"29":0,"30":0,"31":0,"32":0,"33":0,"34":0,"35":0,"36":1,"37":1,"38":1,"39":1,"40":1,"41":1,"42":1,"43":1,"44":0,"45":1,"46":0,"47":0,"48":1,"49":0,"50":1,"51":1,"52":1,"53":1,"54":0,"55":1,"56":0,"57":0,"58":0,"59":0,"60":1,"61":0,"62":0,"63":0,"64":0,"65":1,"66":2,"67":2,"68":2,"69":0,"70":1,"71":1,"72":1,"73":2,"74":2,"75":2,"76":2,"77":2,"78":2,"79":2,"80":2,"81":2,"82":2,"83":1,"84":5,"85":1,"86":4,"87":2,"88":2,"89":2,"90":1,"91":2,"92":1,"93":0,"94":1,"95":1,"96":1,"97":0,"98":1,"99":0,"100":1,"101":1,"102":0,"103":0,"104":1,"105":5,"106":5,"107":5,"108":5,"109":5,"110":5,"111":5,"112":2,"113":5,"114":1,"115":5,"116":1,"117":5,"118":1},"f":{"0":11,"1":2,"2":0,"3":0,"4":0,"5":1,"6":1,"7":0,"8":0,"9":1,"10":0,"11":0,"12":2,"13":1,"14":2,"15":5,"16":2,"17":0,"18":1,"19":5,"20":5},"b":{"0":[4,7],"1":[4,3],"2":[4,3],"3":[3,0],"4":[11,11],"5":[0,2],"6":[1,1],"7":[1,1],"8":[1,0],"9":[0,0],"10":[0,0],"11":[0,0],"12":[0,0],"13":[1],"14":[1],"15":[1,0],"16":[0,0],"17":[0,0],"18":[2,0],"19":[1,4],"20":[2,2],"21":[1,1],"22":[1,0],"23":[2,0],"24":[1,1],"25":[2,0],"26":[1,1],"27":[1,1],"28":[0,0],"29":[0,1],"30":[0,1],"31":[1,0],"32":[1,0],"33":[0,0],"34":[0,0],"35":[5,5],"36":[5,0],"37":[2,3],"38":[1,4],"39":[5,1],"40":[1,4],"41":[0,5],"42":[0,0],"43":[0,0],"44":[5,5],"45":[5,0],"46":[2,3]}}
,"/Users/shannon.sumner/GitHub/aem-react-core-wcm-components-base/src/components/CoreImage.tsx": {"path":"/Users/shannon.sumner/GitHub/aem-react-core-wcm-components-base/src/components/CoreImage.tsx","statementMap":{"0":{"start":{"line":1,"column":0},"end":{"line":1,"column":36}},"1":{"start":{"line":2,"column":0},"end":{"line":2,"column":57}},"2":{"start":{"line":7,"column":0},"end":{"line":7,"column":45}},"3":{"start":{"line":8,"column":0},"end":{"line":8,"column":63}},"4":{"start":{"line":9,"column":0},"end":{"line":9,"column":25}},"5":{"start":{"line":24,"column":23},"end":{"line":26,"column":1}},"6":{"start":{"line":25,"column":2},"end":{"line":25,"column":41}},"7":{"start":{"line":24,"column":13},"end":{"line":24,"column":23}},"8":{"start":{"line":28,"column":30},"end":{"line":36,"column":1}},"9":{"start":{"line":29,"column":14},"end":{"line":29,"column":18}},"10":{"start":{"line":30,"column":2},"end":{"line":32,"column":3}},"11":{"start":{"line":31,"column":4},"end":{"line":31,"column":15}},"12":{"start":{"line":33,"column":2},"end":{"line":35,"column":4}},"13":{"start":{"line":38,"column":27},"end":{"line":61,"column":1}},"14":{"start":{"line":39,"column":2},"end":{"line":60,"column":4}},"15":{"start":{"line":63,"column":22},"end":{"line":109,"column":1}},"16":{"start":{"line":73,"column":2},"end":{"line":94,"column":3}},"17":{"start":{"line":74,"column":4},"end":{"line":93,"column":6}},"18":{"start":{"line":95,"column":2},"end":{"line":108,"column":4}},"19":{"start":{"line":111,"column":18},"end":{"line":159,"column":null}},"20":{"start":{"line":131,"column":8},"end":{"line":134,"column":6}},"21":{"start":{"line":136,"column":4},"end":{"line":138,"column":5}},"22":{"start":{"line":137,"column":6},"end":{"line":137,"column":71}},"23":{"start":{"line":139,"column":4},"end":{"line":158,"column":6}},"24":{"start":{"line":162,"column":0},"end":{"line":162,"column":36}},"25":{"start":{"line":164,"column":0},"end":{"line":164,"column":25}}},"fnMap":{"0":{"name":"(anonymous_10)","decl":{"start":{"line":24,"column":23},"end":{"line":24,"column":24}},"loc":{"start":{"line":24,"column":39},"end":{"line":26,"column":1}}},"1":{"name":"(anonymous_11)","decl":{"start":{"line":28,"column":30},"end":{"line":28,"column":31}},"loc":{"start":{"line":28,"column":48},"end":{"line":36,"column":1}}},"2":{"name":"(anonymous_12)","decl":{"start":{"line":38,"column":27},"end":{"line":38,"column":28}},"loc":{"start":{"line":38,"column":49},"end":{"line":61,"column":1}}},"3":{"name":"(anonymous_13)","decl":{"start":{"line":63,"column":22},"end":{"line":63,"column":23}},"loc":{"start":{"line":72,"column":17},"end":{"line":109,"column":1}}},"4":{"name":"(anonymous_14)","decl":{"start":{"line":112,"column":2},"end":{"line":112,"column":null}},"loc":{"start":{"line":126,"column":32},"end":{"line":159,"column":3}}}},"branchMap":{"0":{"loc":{"start":{"line":25,"column":9},"end":{"line":25,"column":40}},"type":"binary-expr","locations":[{"start":{"line":25,"column":9},"end":{"line":25,"column":13}},{"start":{"line":25,"column":17},"end":{"line":25,"column":40}}]},"1":{"loc":{"start":{"line":30,"column":2},"end":{"line":32,"column":3}},"type":"if","locations":[{"start":{"line":30,"column":2},"end":{"line":32,"column":3}},{"start":{},"end":{}}]},"2":{"loc":{"start":{"line":48,"column":7},"end":{"line":54,"column":null}},"type":"binary-expr","locations":[{"start":{"line":48,"column":7},"end":{"line":48,"column":20}},{"start":{"line":49,"column":8},"end":{"line":53,"column":null}}]},"3":{"loc":{"start":{"line":56,"column":7},"end":{"line":57,"column":null}},"type":"binary-expr","locations":[{"start":{"line":56,"column":7},"end":{"line":56,"column":30}},{"start":{"line":56,"column":34},"end":{"line":56,"column":47}},{"start":{"line":57,"column":8},"end":{"line":57,"column":57}}]},"4":{"loc":{"start":{"line":73,"column":2},"end":{"line":94,"column":3}},"type":"if","locations":[{"start":{"line":73,"column":2},"end":{"line":94,"column":3}},{"start":{},"end":{}}]},"5":{"loc":{"start":{"line":73,"column":6},"end":{"line":73,"column":50}},"type":"binary-expr","locations":[{"start":{"line":73,"column":6},"end":{"line":73,"column":15}},{"start":{"line":73,"column":19},"end":{"line":73,"column":50}}]},"6":{"loc":{"start":{"line":115,"column":6},"end":{"line":115,"column":32}},"type":"default-arg","locations":[{"start":{"line":115,"column":21},"end":{"line":115,"column":32}}]},"7":{"loc":{"start":{"line":118,"column":6},"end":{"line":118,"column":24}},"type":"default-arg","locations":[{"start":{"line":118,"column":19},"end":{"line":118,"column":24}}]},"8":{"loc":{"start":{"line":136,"column":4},"end":{"line":138,"column":5}},"type":"if","locations":[{"start":{"line":136,"column":4},"end":{"line":138,"column":5}},{"start":{},"end":{}}]},"9":{"loc":{"start":{"line":139,"column":11},"end":{"line":157,"column":null}},"type":"cond-expr","locations":[{"start":{"line":140,"column":6},"end":{"line":142,"column":14}},{"start":{"line":144,"column":6},"end":{"line":156,"column":null}}]},"10":{"loc":{"start":{"line":140,"column":6},"end":{"line":142,"column":14}},"type":"cond-expr","locations":[{"start":{"line":141,"column":8},"end":{"line":141,"column":52}},{"start":{"line":142,"column":10},"end":{"line":142,"column":14}}]},"11":{"loc":{"start":{"line":140,"column":6},"end":{"line":140,"column":36}},"type":"binary-expr","locations":[{"start":{"line":140,"column":6},"end":{"line":140,"column":16}},{"start":{"line":140,"column":20},"end":{"line":140,"column":36}}]}},"s":{"0":2,"1":2,"2":2,"3":2,"4":2,"5":2,"6":8,"7":2,"8":2,"9":0,"10":0,"11":0,"12":0,"13":2,"14":6,"15":2,"16":6,"17":1,"18":5,"19":2,"20":6,"21":6,"22":0,"23":6,"24":2,"25":2},"f":{"0":8,"1":0,"2":6,"3":6,"4":6},"b":{"0":[8,8],"1":[0,0],"2":[6,1],"3":[6,0,0],"4":[1,5],"5":[6,1],"6":[6],"7":[0],"8":[0,6],"9":[0,6],"10":[0,0],"11":[0,0]}}
,"/Users/shannon.sumner/GitHub/aem-react-core-wcm-components-base/src/components/CoreLanguageNavigation.tsx": {"path":"/Users/shannon.sumner/GitHub/aem-react-core-wcm-components-base/src/components/CoreLanguageNavigation.tsx","statementMap":{"0":{"start":{"line":1,"column":0},"end":{"line":1,"column":36}},"1":{"start":{"line":2,"column":0},"end":{"line":2,"column":26}},"2":{"start":{"line":3,"column":0},"end":{"line":3,"column":45}},"3":{"start":{"line":4,"column":0},"end":{"line":4,"column":null}},"4":{"start":{"line":9,"column":0},"end":{"line":9,"column":63}},"5":{"start":{"line":33,"column":23},"end":{"line":35,"column":1}},"6":{"start":{"line":34,"column":2},"end":{"line":34,"column":59}},"7":{"start":{"line":33,"column":13},"end":{"line":33,"column":23}},"8":{"start":{"line":37,"column":31},"end":{"line":62,"column":1}},"9":{"start":{"line":38,"column":2},"end":{"line":61,"column":3}},"10":{"start":{"line":39,"column":4},"end":{"line":51,"column":6}},"11":{"start":{"line":53,"column":4},"end":{"line":60,"column":6}},"12":{"start":{"line":64,"column":31},"end":{"line":83,"column":1}},"13":{"start":{"line":65,"column":2},"end":{"line":82,"column":4}},"14":{"start":{"line":85,"column":32},"end":{"line":105,"column":1}},"15":{"start":{"line":86,"column":2},"end":{"line":104,"column":4}},"16":{"start":{"line":91,"column":12},"end":{"line":97,"column":null}},"17":{"start":{"line":107,"column":31},"end":{"line":142,"column":1}},"18":{"start":{"line":110,"column":2},"end":{"line":141,"column":4}},"19":{"start":{"line":144,"column":0},"end":{"line":144,"column":38}}},"fnMap":{"0":{"name":"(anonymous_1)","decl":{"start":{"line":33,"column":23},"end":{"line":33,"column":24}},"loc":{"start":{"line":33,"column":71},"end":{"line":35,"column":1}}},"1":{"name":"(anonymous_2)","decl":{"start":{"line":37,"column":31},"end":{"line":37,"column":32}},"loc":{"start":{"line":37,"column":65},"end":{"line":62,"column":1}}},"2":{"name":"(anonymous_3)","decl":{"start":{"line":64,"column":31},"end":{"line":64,"column":32}},"loc":{"start":{"line":64,"column":64},"end":{"line":83,"column":1}}},"3":{"name":"(anonymous_4)","decl":{"start":{"line":85,"column":32},"end":{"line":85,"column":33}},"loc":{"start":{"line":85,"column":65},"end":{"line":105,"column":1}}},"4":{"name":"(anonymous_5)","decl":{"start":{"line":90,"column":29},"end":{"line":90,"column":30}},"loc":{"start":{"line":91,"column":12},"end":{"line":97,"column":null}}},"5":{"name":"(anonymous_6)","decl":{"start":{"line":107,"column":31},"end":{"line":107,"column":null}},"loc":{"start":{"line":109,"column":30},"end":{"line":142,"column":1}}}},"branchMap":{"0":{"loc":{"start":{"line":34,"column":9},"end":{"line":34,"column":58}},"type":"binary-expr","locations":[{"start":{"line":34,"column":9},"end":{"line":34,"column":29}},{"start":{"line":34,"column":33},"end":{"line":34,"column":58}}]},"1":{"loc":{"start":{"line":38,"column":2},"end":{"line":61,"column":3}},"type":"if","locations":[{"start":{"line":38,"column":2},"end":{"line":61,"column":3}},{"start":{"line":52,"column":9},"end":{"line":61,"column":3}}]},"2":{"loc":{"start":{"line":78,"column":7},"end":{"line":79,"column":null}},"type":"binary-expr","locations":[{"start":{"line":78,"column":7},"end":{"line":78,"column":22}},{"start":{"line":78,"column":26},"end":{"line":78,"column":50}},{"start":{"line":79,"column":8},"end":{"line":79,"column":37}}]},"3":{"loc":{"start":{"line":88,"column":7},"end":{"line":101,"column":null}},"type":"binary-expr","locations":[{"start":{"line":88,"column":7},"end":{"line":88,"column":22}},{"start":{"line":88,"column":26},"end":{"line":88,"column":50}},{"start":{"line":89,"column":8},"end":{"line":100,"column":null}}]},"4":{"loc":{"start":{"line":97,"column":16},"end":{"line":97,"column":78}},"type":"cond-expr","locations":[{"start":{"line":97,"column":52},"end":{"line":97,"column":64}},{"start":{"line":97,"column":67},"end":{"line":97,"column":78}}]},"5":{"loc":{"start":{"line":110,"column":9},"end":{"line":140,"column":null}},"type":"cond-expr","locations":[{"start":{"line":111,"column":4},"end":{"line":113,"column":12}},{"start":{"line":115,"column":4},"end":{"line":139,"column":null}}]},"6":{"loc":{"start":{"line":111,"column":4},"end":{"line":113,"column":12}},"type":"cond-expr","locations":[{"start":{"line":112,"column":6},"end":{"line":112,"column":64}},{"start":{"line":113,"column":8},"end":{"line":113,"column":12}}]},"7":{"loc":{"start":{"line":111,"column":4},"end":{"line":111,"column":46}},"type":"binary-expr","locations":[{"start":{"line":111,"column":4},"end":{"line":111,"column":20}},{"start":{"line":111,"column":24},"end":{"line":111,"column":46}}]},"8":{"loc":{"start":{"line":117,"column":17},"end":{"line":117,"column":63}},"type":"binary-expr","locations":[{"start":{"line":117,"column":17},"end":{"line":117,"column":35}},{"start":{"line":117,"column":39},"end":{"line":117,"column":63}}]},"9":{"loc":{"start":{"line":138,"column":22},"end":{"line":138,"column":68}},"type":"binary-expr","locations":[{"start":{"line":138,"column":22},"end":{"line":138,"column":40}},{"start":{"line":138,"column":44},"end":{"line":138,"column":68}}]}},"s":{"0":1,"1":1,"2":1,"3":1,"4":1,"5":1,"6":2,"7":1,"8":1,"9":6,"10":0,"11":6,"12":1,"13":6,"14":1,"15":2,"16":6,"17":1,"18":2,"19":1},"f":{"0":2,"1":6,"2":6,"3":2,"4":6,"5":2},"b":{"0":[2,2],"1":[0,6],"2":[6,6,6],"3":[2,2,2],"4":[0,6],"5":[0,2],"6":[0,0],"7":[0,0],"8":[2,2],"9":[2,2]}}
,"/Users/shannon.sumner/GitHub/aem-react-core-wcm-components-base/src/components/CoreLink.tsx": {"path":"/Users/shannon.sumner/GitHub/aem-react-core-wcm-components-base/src/components/CoreLink.tsx","statementMap":{"0":{"start":{"line":1,"column":0},"end":{"line":1,"column":67}},"1":{"start":{"line":2,"column":0},"end":{"line":2,"column":26}},"2":{"start":{"line":3,"column":0},"end":{"line":3,"column":43}},"3":{"start":{"line":15,"column":17},"end":{"line":62,"column":1}},"4":{"start":{"line":18,"column":4},"end":{"line":18,"column":9}},"5":{"start":{"line":19,"column":28},"end":{"line":32,"column":3}},"6":{"start":{"line":24,"column":30},"end":{"line":24,"column":44}},"7":{"start":{"line":25,"column":4},"end":{"line":27,"column":5}},"8":{"start":{"line":26,"column":6},"end":{"line":26,"column":56}},"9":{"start":{"line":28,"column":4},"end":{"line":30,"column":5}},"10":{"start":{"line":29,"column":6},"end":{"line":29,"column":40}},"11":{"start":{"line":31,"column":4},"end":{"line":31,"column":29}},"12":{"start":{"line":34,"column":2},"end":{"line":43,"column":3}},"13":{"start":{"line":35,"column":4},"end":{"line":42,"column":6}},"14":{"start":{"line":45,"column":21},"end":{"line":45,"column":46}},"15":{"start":{"line":47,"column":2},"end":{"line":61,"column":4}},"16":{"start":{"line":56,"column":8},"end":{"line":56,"column":78}},"17":{"start":{"line":64,"column":0},"end":{"line":64,"column":24}}},"fnMap":{"0":{"name":"(anonymous_1)","decl":{"start":{"line":15,"column":17},"end":{"line":15,"column":18}},"loc":{"start":{"line":15,"column":57},"end":{"line":62,"column":1}}},"1":{"name":"(anonymous_2)","decl":{"start":{"line":19,"column":28},"end":{"line":19,"column":null}},"loc":{"start":{"line":23,"column":6},"end":{"line":32,"column":3}}},"2":{"name":"(anonymous_3)","decl":{"start":{"line":55,"column":17},"end":{"line":55,"column":18}},"loc":{"start":{"line":55,"column":34},"end":{"line":57,"column":7}}}},"branchMap":{"0":{"loc":{"start":{"line":20,"column":4},"end":{"line":20,"column":29}},"type":"default-arg","locations":[{"start":{"line":20,"column":19},"end":{"line":20,"column":29}}]},"1":{"loc":{"start":{"line":21,"column":4},"end":{"line":21,"column":18}},"type":"default-arg","locations":[{"start":{"line":21,"column":16},"end":{"line":21,"column":18}}]},"2":{"loc":{"start":{"line":22,"column":4},"end":{"line":22,"column":20}},"type":"default-arg","locations":[{"start":{"line":22,"column":15},"end":{"line":22,"column":20}}]},"3":{"loc":{"start":{"line":25,"column":4},"end":{"line":27,"column":5}},"type":"if","locations":[{"start":{"line":25,"column":4},"end":{"line":27,"column":5}},{"start":{},"end":{}}]},"4":{"loc":{"start":{"line":28,"column":4},"end":{"line":30,"column":5}},"type":"if","locations":[{"start":{"line":28,"column":4},"end":{"line":30,"column":5}},{"start":{},"end":{}}]},"5":{"loc":{"start":{"line":34,"column":2},"end":{"line":43,"column":3}},"type":"if","locations":[{"start":{"line":34,"column":2},"end":{"line":43,"column":3}},{"start":{},"end":{}}]},"6":{"loc":{"start":{"line":34,"column":6},"end":{"line":34,"column":52}},"type":"binary-expr","locations":[{"start":{"line":34,"column":6},"end":{"line":34,"column":24}},{"start":{"line":34,"column":28},"end":{"line":34,"column":52}}]},"7":{"loc":{"start":{"line":47,"column":9},"end":{"line":60,"column":null}},"type":"cond-expr","locations":[{"start":{"line":48,"column":4},"end":{"line":51,"column":null}},{"start":{"line":54,"column":4},"end":{"line":59,"column":null}}]},"8":{"loc":{"start":{"line":47,"column":9},"end":{"line":47,"column":72}},"type":"binary-expr","locations":[{"start":{"line":47,"column":9},"end":{"line":47,"column":19}},{"start":{"line":47,"column":23},"end":{"line":47,"column":41}},{"start":{"line":47,"column":45},"end":{"line":47,"column":72}}]}},"s":{"0":9,"1":9,"2":9,"3":9,"4":118,"5":118,"6":119,"7":119,"8":1,"9":119,"10":119,"11":119,"12":118,"13":1,"14":117,"15":117,"16":14,"17":9},"f":{"0":118,"1":119,"2":14},"b":{"0":[119],"1":[0],"2":[0],"3":[1,118],"4":[119,0],"5":[1,117],"6":[118,118],"7":[104,13],"8":[117,116,13]}}
,"/Users/shannon.sumner/GitHub/aem-react-core-wcm-components-base/src/components/CoreNavigation.tsx": {"path":"/Users/shannon.sumner/GitHub/aem-react-core-wcm-components-base/src/components/CoreNavigation.tsx","statementMap":{"0":{"start":{"line":1,"column":0},"end":{"line":1,"column":36}},"1":{"start":{"line":2,"column":0},"end":{"line":2,"column":26}},"2":{"start":{"line":8,"column":0},"end":{"line":8,"column":45}},"3":{"start":{"line":9,"column":0},"end":{"line":9,"column":63}},"4":{"start":{"line":31,"column":23},"end":{"line":33,"column":1}},"5":{"start":{"line":32,"column":2},"end":{"line":32,"column":59}},"6":{"start":{"line":31,"column":13},"end":{"line":31,"column":23}},"7":{"start":{"line":35,"column":30},"end":{"line":60,"column":1}},"8":{"start":{"line":36,"column":2},"end":{"line":59,"column":4}},"9":{"start":{"line":35,"column":13},"end":{"line":35,"column":30}},"10":{"start":{"line":62,"column":31},"end":{"line":82,"column":1}},"11":{"start":{"line":63,"column":2},"end":{"line":81,"column":4}},"12":{"start":{"line":68,"column":12},"end":{"line":69,"column":null}},"13":{"start":{"line":62,"column":13},"end":{"line":62,"column":31}},"14":{"start":{"line":84,"column":23},"end":{"line":114,"column":1}},"15":{"start":{"line":85,"column":2},"end":{"line":113,"column":4}},"16":{"start":{"line":116,"column":0},"end":{"line":116,"column":30}}},"fnMap":{"0":{"name":"(anonymous_1)","decl":{"start":{"line":31,"column":23},"end":{"line":31,"column":24}},"loc":{"start":{"line":31,"column":72},"end":{"line":33,"column":1}}},"1":{"name":"(anonymous_2)","decl":{"start":{"line":35,"column":30},"end":{"line":35,"column":31}},"loc":{"start":{"line":35,"column":55},"end":{"line":60,"column":1}}},"2":{"name":"(anonymous_3)","decl":{"start":{"line":62,"column":31},"end":{"line":62,"column":32}},"loc":{"start":{"line":62,"column":56},"end":{"line":82,"column":1}}},"3":{"name":"(anonymous_4)","decl":{"start":{"line":67,"column":29},"end":{"line":67,"column":30}},"loc":{"start":{"line":68,"column":12},"end":{"line":69,"column":null}}},"4":{"name":"(anonymous_5)","decl":{"start":{"line":84,"column":23},"end":{"line":84,"column":24}},"loc":{"start":{"line":84,"column":76},"end":{"line":114,"column":1}}}},"branchMap":{"0":{"loc":{"start":{"line":32,"column":9},"end":{"line":32,"column":58}},"type":"binary-expr","locations":[{"start":{"line":32,"column":9},"end":{"line":32,"column":29}},{"start":{"line":32,"column":33},"end":{"line":32,"column":58}}]},"1":{"loc":{"start":{"line":47,"column":22},"end":{"line":47,"column":43}},"type":"binary-expr","locations":[{"start":{"line":47,"column":22},"end":{"line":47,"column":33}},{"start":{"line":47,"column":37},"end":{"line":47,"column":43}}]},"2":{"loc":{"start":{"line":55,"column":7},"end":{"line":56,"column":null}},"type":"binary-expr","locations":[{"start":{"line":55,"column":7},"end":{"line":55,"column":22}},{"start":{"line":55,"column":26},"end":{"line":55,"column":50}},{"start":{"line":56,"column":8},"end":{"line":56,"column":70}}]},"3":{"loc":{"start":{"line":65,"column":7},"end":{"line":78,"column":null}},"type":"binary-expr","locations":[{"start":{"line":65,"column":7},"end":{"line":65,"column":22}},{"start":{"line":65,"column":26},"end":{"line":65,"column":50}},{"start":{"line":66,"column":8},"end":{"line":77,"column":null}}]},"4":{"loc":{"start":{"line":74,"column":16},"end":{"line":74,"column":78}},"type":"cond-expr","locations":[{"start":{"line":74,"column":52},"end":{"line":74,"column":64}},{"start":{"line":74,"column":67},"end":{"line":74,"column":78}}]},"5":{"loc":{"start":{"line":85,"column":9},"end":{"line":112,"column":null}},"type":"cond-expr","locations":[{"start":{"line":86,"column":4},"end":{"line":88,"column":12}},{"start":{"line":90,"column":4},"end":{"line":111,"column":null}}]},"6":{"loc":{"start":{"line":86,"column":4},"end":{"line":88,"column":12}},"type":"cond-expr","locations":[{"start":{"line":87,"column":6},"end":{"line":87,"column":55}},{"start":{"line":88,"column":8},"end":{"line":88,"column":12}}]},"7":{"loc":{"start":{"line":86,"column":4},"end":{"line":86,"column":46}},"type":"binary-expr","locations":[{"start":{"line":86,"column":4},"end":{"line":86,"column":20}},{"start":{"line":86,"column":24},"end":{"line":86,"column":46}}]},"8":{"loc":{"start":{"line":92,"column":17},"end":{"line":92,"column":55}},"type":"binary-expr","locations":[{"start":{"line":92,"column":17},"end":{"line":92,"column":35}},{"start":{"line":92,"column":39},"end":{"line":92,"column":55}}]},"9":{"loc":{"start":{"line":110,"column":22},"end":{"line":110,"column":60}},"type":"binary-expr","locations":[{"start":{"line":110,"column":22},"end":{"line":110,"column":40}},{"start":{"line":110,"column":44},"end":{"line":110,"column":60}}]}},"s":{"0":2,"1":2,"2":2,"3":2,"4":2,"5":3,"6":2,"7":2,"8":98,"9":2,"10":2,"11":24,"12":98,"13":2,"14":2,"15":3,"16":2},"f":{"0":3,"1":98,"2":24,"3":98,"4":3},"b":{"0":[3,3],"1":[98,11],"2":[98,98,15],"3":[24,24,24],"4":[0,98],"5":[0,3],"6":[0,0],"7":[0,0],"8":[3,3],"9":[3,3]}}
,"/Users/shannon.sumner/GitHub/aem-react-core-wcm-components-base/src/components/CoreSeparator.tsx": {"path":"/Users/shannon.sumner/GitHub/aem-react-core-wcm-components-base/src/components/CoreSeparator.tsx","statementMap":{"0":{"start":{"line":8,"column":22},"end":{"line":16,"column":1}},"1":{"start":{"line":9,"column":2},"end":{"line":15,"column":4}},"2":{"start":{"line":18,"column":0},"end":{"line":18,"column":29}}},"fnMap":{"0":{"name":"(anonymous_0)","decl":{"start":{"line":8,"column":22},"end":{"line":8,"column":23}},"loc":{"start":{"line":8,"column":67},"end":{"line":16,"column":1}}}},"branchMap":{"0":{"loc":{"start":{"line":10,"column":20},"end":{"line":10,"column":57}},"type":"binary-expr","locations":[{"start":{"line":10,"column":20},"end":{"line":10,"column":38}},{"start":{"line":10,"column":42},"end":{"line":10,"column":57}}]},"1":{"loc":{"start":{"line":12,"column":22},"end":{"line":12,"column":59}},"type":"binary-expr","locations":[{"start":{"line":12,"column":22},"end":{"line":12,"column":40}},{"start":{"line":12,"column":44},"end":{"line":12,"column":59}}]}},"s":{"0":1,"1":2,"2":1},"f":{"0":2},"b":{"0":[2,2],"1":[2,2]}}
,"/Users/shannon.sumner/GitHub/aem-react-core-wcm-components-base/src/components/CoreTeaser.tsx": {"path":"/Users/shannon.sumner/GitHub/aem-react-core-wcm-components-base/src/components/CoreTeaser.tsx","statementMap":{"0":{"start":{"line":2,"column":0},"end":{"line":2,"column":72}},"1":{"start":{"line":3,"column":0},"end":{"line":3,"column":36}},"2":{"start":{"line":4,"column":0},"end":{"line":4,"column":26}},"3":{"start":{"line":9,"column":0},"end":{"line":9,"column":49}},"4":{"start":{"line":10,"column":0},"end":{"line":10,"column":47}},"5":{"start":{"line":11,"column":0},"end":{"line":11,"column":47}},"6":{"start":{"line":12,"column":0},"end":{"line":12,"column":63}},"7":{"start":{"line":13,"column":0},"end":{"line":13,"column":26}},"8":{"start":{"line":42,"column":23},"end":{"line":49,"column":1}},"9":{"start":{"line":43,"column":2},"end":{"line":48,"column":4}},"10":{"start":{"line":42,"column":13},"end":{"line":42,"column":23}},"11":{"start":{"line":51,"column":20},"end":{"line":61,"column":1}},"12":{"start":{"line":52,"column":2},"end":{"line":60,"column":4}},"13":{"start":{"line":63,"column":23},"end":{"line":64,"column":null}},"14":{"start":{"line":64,"column":2},"end":{"line":64,"column":75}},"15":{"start":{"line":67,"column":20},"end":{"line":77,"column":null}},"16":{"start":{"line":68,"column":2},"end":{"line":76,"column":null}},"17":{"start":{"line":80,"column":26},"end":{"line":89,"column":1}},"18":{"start":{"line":81,"column":23},"end":{"line":81,"column":41}},"19":{"start":{"line":82,"column":2},"end":{"line":88,"column":4}},"20":{"start":{"line":91,"column":22},"end":{"line":116,"column":1}},"21":{"start":{"line":92,"column":2},"end":{"line":115,"column":4}},"22":{"start":{"line":96,"column":10},"end":{"line":96,"column":52}},"23":{"start":{"line":97,"column":21},"end":{"line":97,"column":31}},"24":{"start":{"line":98,"column":8},"end":{"line":102,"column":9}},"25":{"start":{"line":99,"column":10},"end":{"line":101,"column":12}},"26":{"start":{"line":103,"column":8},"end":{"line":112,"column":10}},"27":{"start":{"line":118,"column":19},"end":{"line":156,"column":1}},"28":{"start":{"line":119,"column":32},"end":{"line":122,"column":4}},"29":{"start":{"line":123,"column":2},"end":{"line":155,"column":4}},"30":{"start":{"line":158,"column":0},"end":{"line":158,"column":26}}},"fnMap":{"0":{"name":"(anonymous_1)","decl":{"start":{"line":42,"column":23},"end":{"line":42,"column":24}},"loc":{"start":{"line":42,"column":55},"end":{"line":49,"column":1}}},"1":{"name":"(anonymous_2)","decl":{"start":{"line":51,"column":20},"end":{"line":51,"column":21}},"loc":{"start":{"line":51,"column":43},"end":{"line":61,"column":1}}},"2":{"name":"(anonymous_3)","decl":{"start":{"line":63,"column":23},"end":{"line":63,"column":24}},"loc":{"start":{"line":64,"column":2},"end":{"line":64,"column":75}}},"3":{"name":"(anonymous_4)","decl":{"start":{"line":67,"column":20},"end":{"line":67,"column":21}},"loc":{"start":{"line":68,"column":2},"end":{"line":76,"column":null}}},"4":{"name":"(anonymous_5)","decl":{"start":{"line":80,"column":26},"end":{"line":80,"column":27}},"loc":{"start":{"line":80,"column":49},"end":{"line":89,"column":1}}},"5":{"name":"(anonymous_6)","decl":{"start":{"line":91,"column":22},"end":{"line":91,"column":23}},"loc":{"start":{"line":91,"column":45},"end":{"line":116,"column":1}}},"6":{"name":"(anonymous_7)","decl":{"start":{"line":94,"column":25},"end":{"line":94,"column":26}},"loc":{"start":{"line":94,"column":43},"end":{"line":113,"column":7}}},"7":{"name":"(anonymous_8)","decl":{"start":{"line":118,"column":19},"end":{"line":118,"column":20}},"loc":{"start":{"line":118,"column":68},"end":{"line":156,"column":1}}}},"branchMap":{"0":{"loc":{"start":{"line":44,"column":4},"end":{"line":47,"column":30}},"type":"binary-expr","locations":[{"start":{"line":44,"column":4},"end":{"line":44,"column":16}},{"start":{"line":45,"column":4},"end":{"line":45,"column":20}},{"start":{"line":46,"column":4},"end":{"line":46,"column":22}},{"start":{"line":47,"column":4},"end":{"line":47,"column":30}}]},"1":{"loc":{"start":{"line":76,"column":10},"end":{"line":76,"column":33}},"type":"binary-expr","locations":[{"start":{"line":76,"column":10},"end":{"line":76,"column":25}},{"start":{"line":76,"column":29},"end":{"line":76,"column":33}}]},"2":{"loc":{"start":{"line":96,"column":10},"end":{"line":96,"column":52}},"type":"binary-expr","locations":[{"start":{"line":96,"column":10},"end":{"line":96,"column":32}},{"start":{"line":96,"column":36},"end":{"line":96,"column":52}}]},"3":{"loc":{"start":{"line":98,"column":8},"end":{"line":102,"column":9}},"type":"if","locations":[{"start":{"line":98,"column":8},"end":{"line":102,"column":9}},{"start":{},"end":{}}]},"4":{"loc":{"start":{"line":121,"column":18},"end":{"line":121,"column":52}},"type":"binary-expr","locations":[{"start":{"line":121,"column":18},"end":{"line":121,"column":36}},{"start":{"line":121,"column":40},"end":{"line":121,"column":52}}]},"5":{"loc":{"start":{"line":123,"column":9},"end":{"line":154,"column":null}},"type":"cond-expr","locations":[{"start":{"line":124,"column":4},"end":{"line":126,"column":12}},{"start":{"line":128,"column":4},"end":{"line":153,"column":null}}]},"6":{"loc":{"start":{"line":124,"column":4},"end":{"line":126,"column":12}},"type":"cond-expr","locations":[{"start":{"line":125,"column":6},"end":{"line":125,"column":51}},{"start":{"line":126,"column":8},"end":{"line":126,"column":12}}]},"7":{"loc":{"start":{"line":124,"column":4},"end":{"line":124,"column":46}},"type":"binary-expr","locations":[{"start":{"line":124,"column":4},"end":{"line":124,"column":20}},{"start":{"line":124,"column":24},"end":{"line":124,"column":46}}]},"8":{"loc":{"start":{"line":143,"column":11},"end":{"line":143,"column":74}},"type":"binary-expr","locations":[{"start":{"line":143,"column":11},"end":{"line":143,"column":25}},{"start":{"line":143,"column":29},"end":{"line":143,"column":74}}]},"9":{"loc":{"start":{"line":144,"column":11},"end":{"line":144,"column":68}},"type":"binary-expr","locations":[{"start":{"line":144,"column":11},"end":{"line":144,"column":22}},{"start":{"line":144,"column":26},"end":{"line":144,"column":68}}]},"10":{"loc":{"start":{"line":145,"column":11},"end":{"line":146,"column":null}},"type":"binary-expr","locations":[{"start":{"line":145,"column":11},"end":{"line":145,"column":28}},{"start":{"line":146,"column":12},"end":{"line":146,"column":60}}]},"11":{"loc":{"start":{"line":148,"column":11},"end":{"line":149,"column":null}},"type":"binary-expr","locations":[{"start":{"line":148,"column":11},"end":{"line":148,"column":35}},{"start":{"line":148,"column":39},"end":{"line":148,"column":75}},{"start":{"line":149,"column":12},"end":{"line":149,"column":56}}]},"12":{"loc":{"start":{"line":152,"column":9},"end":{"line":152,"column":70}},"type":"binary-expr","locations":[{"start":{"line":152,"column":9},"end":{"line":152,"column":24}},{"start":{"line":152,"column":28},"end":{"line":152,"column":70}}]}},"s":{"0":1,"1":1,"2":1,"3":1,"4":1,"5":1,"6":1,"7":1,"8":1,"9":2,"10":1,"11":1,"12":2,"13":1,"14":2,"15":1,"16":2,"17":1,"18":2,"19":2,"20":1,"21":2,"22":4,"23":4,"24":4,"25":4,"26":4,"27":1,"28":2,"29":2,"30":1},"f":{"0":2,"1":2,"2":2,"3":2,"4":2,"5":2,"6":4,"7":2},"b":{"0":[2,0,0,0],"1":[2,0],"2":[4,0],"3":[4,0],"4":[2,2],"5":[0,2],"6":[0,0],"7":[0,0],"8":[2,2],"9":[2,2],"10":[2,2],"11":[2,2,2],"12":[2,2]}}
,"/Users/shannon.sumner/GitHub/aem-react-core-wcm-components-base/src/components/CoreText.tsx": {"path":"/Users/shannon.sumner/GitHub/aem-react-core-wcm-components-base/src/components/CoreText.tsx","statementMap":{"0":{"start":{"line":1,"column":0},"end":{"line":1,"column":34}},"1":{"start":{"line":2,"column":0},"end":{"line":2,"column":72}},"2":{"start":{"line":3,"column":0},"end":{"line":3,"column":26}},"3":{"start":{"line":8,"column":0},"end":{"line":8,"column":45}},"4":{"start":{"line":9,"column":0},"end":{"line":9,"column":63}},"5":{"start":{"line":17,"column":23},"end":{"line":19,"column":1}},"6":{"start":{"line":18,"column":2},"end":{"line":18,"column":45}},"7":{"start":{"line":17,"column":13},"end":{"line":17,"column":23}},"8":{"start":{"line":21,"column":17},"end":{"line":21,"column":59}},"9":{"start":{"line":21,"column":35},"end":{"line":21,"column":59}},"10":{"start":{"line":23,"column":17},"end":{"line":64,"column":1}},"11":{"start":{"line":24,"column":17},"end":{"line":24,"column":22}},"12":{"start":{"line":25,"column":2},"end":{"line":45,"column":3}},"13":{"start":{"line":26,"column":20},"end":{"line":42,"column":6}},"14":{"start":{"line":28,"column":8},"end":{"line":40,"column":9}},"15":{"start":{"line":29,"column":30},"end":{"line":29,"column":37}},"16":{"start":{"line":30,"column":54},"end":{"line":33,"column":12}},"17":{"start":{"line":34,"column":10},"end":{"line":34,"column":34}},"18":{"start":{"line":35,"column":10},"end":{"line":39,"column":12}},"19":{"start":{"line":44,"column":4},"end":{"line":44,"column":53}},"20":{"start":{"line":46,"column":2},"end":{"line":63,"column":4}},"21":{"start":{"line":66,"column":0},"end":{"line":66,"column":24}}},"fnMap":{"0":{"name":"(anonymous_10)","decl":{"start":{"line":17,"column":23},"end":{"line":17,"column":24}},"loc":{"start":{"line":17,"column":50},"end":{"line":19,"column":1}}},"1":{"name":"(anonymous_11)","decl":{"start":{"line":21,"column":17},"end":{"line":21,"column":18}},"loc":{"start":{"line":21,"column":35},"end":{"line":21,"column":59}}},"2":{"name":"(anonymous_12)","decl":{"start":{"line":23,"column":17},"end":{"line":23,"column":18}},"loc":{"start":{"line":23,"column":64},"end":{"line":64,"column":1}}},"3":{"name":"(anonymous_13)","decl":{"start":{"line":27,"column":6},"end":{"line":27,"column":13}},"loc":{"start":{"line":27,"column":30},"end":{"line":41,"column":7}}}},"branchMap":{"0":{"loc":{"start":{"line":18,"column":9},"end":{"line":18,"column":44}},"type":"binary-expr","locations":[{"start":{"line":18,"column":9},"end":{"line":18,"column":22}},{"start":{"line":18,"column":26},"end":{"line":18,"column":44}}]},"1":{"loc":{"start":{"line":25,"column":2},"end":{"line":45,"column":3}},"type":"if","locations":[{"start":{"line":25,"column":2},"end":{"line":45,"column":3}},{"start":{},"end":{}}]},"2":{"loc":{"start":{"line":28,"column":8},"end":{"line":40,"column":9}},"type":"if","locations":[{"start":{"line":28,"column":8},"end":{"line":40,"column":9}},{"start":{},"end":{}}]},"3":{"loc":{"start":{"line":28,"column":12},"end":{"line":28,"column":65}},"type":"binary-expr","locations":[{"start":{"line":28,"column":12},"end":{"line":28,"column":38}},{"start":{"line":28,"column":42},"end":{"line":28,"column":65}}]},"4":{"loc":{"start":{"line":46,"column":9},"end":{"line":62,"column":null}},"type":"cond-expr","locations":[{"start":{"line":47,"column":4},"end":{"line":49,"column":12}},{"start":{"line":51,"column":6},"end":{"line":62,"column":null}}]},"5":{"loc":{"start":{"line":47,"column":4},"end":{"line":49,"column":12}},"type":"cond-expr","locations":[{"start":{"line":48,"column":6},"end":{"line":48,"column":49}},{"start":{"line":49,"column":8},"end":{"line":49,"column":12}}]},"6":{"loc":{"start":{"line":47,"column":4},"end":{"line":47,"column":46}},"type":"binary-expr","locations":[{"start":{"line":47,"column":4},"end":{"line":47,"column":20}},{"start":{"line":47,"column":24},"end":{"line":47,"column":46}}]},"7":{"loc":{"start":{"line":51,"column":6},"end":{"line":62,"column":null}},"type":"cond-expr","locations":[{"start":{"line":52,"column":4},"end":{"line":57,"column":null}},{"start":{"line":60,"column":4},"end":{"line":61,"column":null}}]},"8":{"loc":{"start":{"line":53,"column":17},"end":{"line":53,"column":49}},"type":"binary-expr","locations":[{"start":{"line":53,"column":17},"end":{"line":53,"column":35}},{"start":{"line":53,"column":39},"end":{"line":53,"column":49}}]},"9":{"loc":{"start":{"line":60,"column":20},"end":{"line":60,"column":52}},"type":"binary-expr","locations":[{"start":{"line":60,"column":20},"end":{"line":60,"column":38}},{"start":{"line":60,"column":42},"end":{"line":60,"column":52}}]}},"s":{"0":1,"1":1,"2":1,"3":1,"4":1,"5":1,"6":6,"7":1,"8":1,"9":2,"10":1,"11":4,"12":4,"13":2,"14":5,"15":1,"16":1,"17":1,"18":1,"19":2,"20":4,"21":1},"f":{"0":6,"1":2,"2":4,"3":5},"b":{"0":[6,6],"1":[2,2],"2":[1,4],"3":[5,3],"4":[0,4],"5":[0,0],"6":[0,0],"7":[2,2],"8":[2,2],"9":[2,2]}}
,"/Users/shannon.sumner/GitHub/aem-react-core-wcm-components-base/src/components/CoreTitle.tsx": {"path":"/Users/shannon.sumner/GitHub/aem-react-core-wcm-components-base/src/components/CoreTitle.tsx","statementMap":{"0":{"start":{"line":1,"column":0},"end":{"line":1,"column":26}},"1":{"start":{"line":6,"column":0},"end":{"line":6,"column":45}},"2":{"start":{"line":7,"column":0},"end":{"line":7,"column":63}},"3":{"start":{"line":20,"column":23},"end":{"line":22,"column":1}},"4":{"start":{"line":21,"column":2},"end":{"line":21,"column":52}},"5":{"start":{"line":20,"column":13},"end":{"line":20,"column":23}},"6":{"start":{"line":24,"column":26},"end":{"line":24,"column":76}},"7":{"start":{"line":24,"column":50},"end":{"line":24,"column":75}},"8":{"start":{"line":26,"column":18},"end":{"line":36,"column":1}},"9":{"start":{"line":27,"column":2},"end":{"line":35,"column":4}},"10":{"start":{"line":38,"column":22},"end":{"line":44,"column":1}},"11":{"start":{"line":39,"column":2},"end":{"line":41,"column":3}},"12":{"start":{"line":40,"column":4},"end":{"line":40,"column":36}},"13":{"start":{"line":43,"column":2},"end":{"line":43,"column":27}},"14":{"start":{"line":46,"column":18},"end":{"line":62,"column":1}},"15":{"start":{"line":47,"column":2},"end":{"line":61,"column":4}},"16":{"start":{"line":64,"column":0},"end":{"line":64,"column":25}}},"fnMap":{"0":{"name":"(anonymous_1)","decl":{"start":{"line":20,"column":23},"end":{"line":20,"column":24}},"loc":{"start":{"line":20,"column":50},"end":{"line":22,"column":1}}},"1":{"name":"(anonymous_2)","decl":{"start":{"line":24,"column":26},"end":{"line":24,"column":27}},"loc":{"start":{"line":24,"column":50},"end":{"line":24,"column":75}}},"2":{"name":"(anonymous_3)","decl":{"start":{"line":26,"column":18},"end":{"line":26,"column":19}},"loc":{"start":{"line":26,"column":40},"end":{"line":36,"column":1}}},"3":{"name":"(anonymous_4)","decl":{"start":{"line":38,"column":22},"end":{"line":38,"column":23}},"loc":{"start":{"line":38,"column":44},"end":{"line":44,"column":1}}},"4":{"name":"(anonymous_5)","decl":{"start":{"line":46,"column":18},"end":{"line":46,"column":19}},"loc":{"start":{"line":46,"column":66},"end":{"line":62,"column":1}}}},"branchMap":{"0":{"loc":{"start":{"line":21,"column":9},"end":{"line":21,"column":51}},"type":"binary-expr","locations":[{"start":{"line":21,"column":9},"end":{"line":21,"column":22}},{"start":{"line":21,"column":26},"end":{"line":21,"column":51}}]},"1":{"loc":{"start":{"line":24,"column":50},"end":{"line":24,"column":75}},"type":"cond-expr","locations":[{"start":{"line":24,"column":65},"end":{"line":24,"column":68}},{"start":{"line":24,"column":71},"end":{"line":24,"column":75}}]},"2":{"loc":{"start":{"line":39,"column":2},"end":{"line":41,"column":3}},"type":"if","locations":[{"start":{"line":39,"column":2},"end":{"line":41,"column":3}},{"start":{},"end":{}}]},"3":{"loc":{"start":{"line":47,"column":9},"end":{"line":60,"column":null}},"type":"cond-expr","locations":[{"start":{"line":48,"column":4},"end":{"line":50,"column":12}},{"start":{"line":52,"column":4},"end":{"line":59,"column":null}}]},"4":{"loc":{"start":{"line":48,"column":4},"end":{"line":50,"column":12}},"type":"cond-expr","locations":[{"start":{"line":49,"column":6},"end":{"line":49,"column":50}},{"start":{"line":50,"column":8},"end":{"line":50,"column":12}}]},"5":{"loc":{"start":{"line":48,"column":4},"end":{"line":48,"column":46}},"type":"binary-expr","locations":[{"start":{"line":48,"column":4},"end":{"line":48,"column":20}},{"start":{"line":48,"column":24},"end":{"line":48,"column":46}}]},"6":{"loc":{"start":{"line":52,"column":20},"end":{"line":52,"column":53}},"type":"binary-expr","locations":[{"start":{"line":52,"column":20},"end":{"line":52,"column":38}},{"start":{"line":52,"column":42},"end":{"line":52,"column":53}}]},"7":{"loc":{"start":{"line":54,"column":8},"end":{"line":54,"column":26}},"type":"binary-expr","locations":[{"start":{"line":54,"column":8},"end":{"line":54,"column":18}},{"start":{"line":54,"column":22},"end":{"line":54,"column":26}}]},"8":{"loc":{"start":{"line":56,"column":24},"end":{"line":56,"column":57}},"type":"binary-expr","locations":[{"start":{"line":56,"column":24},"end":{"line":56,"column":42}},{"start":{"line":56,"column":46},"end":{"line":56,"column":57}}]}},"s":{"0":1,"1":1,"2":1,"3":1,"4":2,"5":1,"6":1,"7":4,"8":1,"9":2,"10":1,"11":2,"12":2,"13":0,"14":1,"15":2,"16":1},"f":{"0":2,"1":4,"2":2,"3":2,"4":2},"b":{"0":[2,2],"1":[4,0],"2":[2,0],"3":[0,2],"4":[0,0],"5":[0,0],"6":[2,0],"7":[2,0],"8":[2,0]}}
,"/Users/shannon.sumner/GitHub/aem-react-core-wcm-components-base/src/components/EditorPlaceHolder.tsx": {"path":"/Users/shannon.sumner/GitHub/aem-react-core-wcm-components-base/src/components/EditorPlaceHolder.tsx","statementMap":{"0":{"start":{"line":1,"column":0},"end":{"line":1,"column":36}},"1":{"start":{"line":9,"column":33},"end":{"line":9,"column":65}},"2":{"start":{"line":11,"column":26},"end":{"line":30,"column":1}},"3":{"start":{"line":17,"column":4},"end":{"line":17,"column":77}},"4":{"start":{"line":18,"column":24},"end":{"line":18,"column":67}},"5":{"start":{"line":19,"column":20},"end":{"line":19,"column":33}},"6":{"start":{"line":21,"column":2},"end":{"line":29,"column":4}},"7":{"start":{"line":32,"column":0},"end":{"line":32,"column":33}}},"fnMap":{"0":{"name":"(anonymous_1)","decl":{"start":{"line":11,"column":26},"end":{"line":11,"column":27}},"loc":{"start":{"line":15,"column":23},"end":{"line":30,"column":1}}}},"branchMap":{"0":{"loc":{"start":{"line":17,"column":4},"end":{"line":17,"column":77}},"type":"cond-expr","locations":[{"start":{"line":17,"column":50},"end":{"line":17,"column":72}},{"start":{"line":17,"column":75},"end":{"line":17,"column":77}}]},"1":{"loc":{"start":{"line":17,"column":4},"end":{"line":17,"column":47}},"type":"binary-expr","locations":[{"start":{"line":17,"column":4},"end":{"line":17,"column":18}},{"start":{"line":17,"column":22},"end":{"line":17,"column":47}}]},"2":{"loc":{"start":{"line":18,"column":24},"end":{"line":18,"column":67}},"type":"binary-expr","locations":[{"start":{"line":18,"column":24},"end":{"line":18,"column":39}},{"start":{"line":18,"column":43},"end":{"line":18,"column":67}}]}},"s":{"0":9,"1":9,"2":9,"3":0,"4":0,"5":0,"6":0,"7":9},"f":{"0":0},"b":{"0":[0,0],"1":[0,0],"2":[0,0]}}
}
