TN:
SF:src/components/CoreBreadCrumb.tsx
FN:32,(anonymous_1)
FN:36,(anonymous_2)
FN:64,(anonymous_3)
FN:84,(anonymous_4)
FN:107,(anonymous_5)
FN:130,(anonymous_6)
FNF:6
FNH:6
FNDA:3,(anonymous_1)
FNDA:6,(anonymous_2)
FNDA:4,(anonymous_3)
FNDA:6,(anonymous_4)
FNDA:3,(anonymous_5)
FNDA:6,(anonymous_6)
DA:2,1
DA:3,1
DA:9,1
DA:10,1
DA:11,1
DA:32,1
DA:33,3
DA:36,1
DA:55,6
DA:58,6
DA:59,2
DA:61,6
DA:64,1
DA:70,4
DA:71,4
DA:84,1
DA:85,6
DA:89,6
DA:107,1
DA:115,3
DA:131,6
DA:143,1
LF:22
LH:22
BRDA:33,0,0,3
BRDA:33,0,1,3
BRDA:33,0,2,3
BRDA:38,1,0,4
BRDA:58,2,0,2
BRDA:58,2,1,4
BRDA:75,3,0,4
BRDA:75,3,1,0
BRDA:85,4,0,4
BRDA:85,4,1,2
BRDA:98,5,0,6
BRDA:98,5,1,4
BRDA:99,6,0,6
BRDA:99,6,1,2
BRDA:113,7,0,3
BRDA:115,8,0,1
BRDA:115,8,1,2
BRDA:116,9,0,0
BRDA:116,9,1,1
BRDA:116,10,0,1
BRDA:116,10,1,0
BRDA:121,11,0,2
BRDA:121,11,1,0
BRF:23
BRH:19
end_of_record
TN:
SF:src/components/CoreButton.tsx
FN:26,(anonymous_1)
FN:30,(anonymous_2)
FN:46,(anonymous_3)
FN:60,(anonymous_4)
FNF:4
FNH:4
FNDA:8,(anonymous_1)
FNDA:7,(anonymous_2)
FNDA:8,(anonymous_3)
FNDA:3,(anonymous_4)
DA:1,3
DA:2,3
DA:7,3
DA:8,3
DA:9,3
DA:26,3
DA:27,8
DA:30,3
DA:31,7
DA:46,3
DA:60,8
DA:61,3
DA:62,3
DA:66,8
DA:68,8
DA:69,1
DA:70,0
DA:72,1
DA:74,7
DA:75,6
DA:93,1
DA:111,3
LF:22
LH:21
BRDA:27,0,0,8
BRDA:27,0,1,7
BRDA:27,0,2,7
BRDA:33,1,0,7
BRDA:33,1,1,2
BRDA:57,2,0,8
BRDA:58,3,0,8
BRDA:61,4,0,3
BRDA:61,4,1,0
BRDA:68,5,0,1
BRDA:68,5,1,7
BRDA:69,6,0,0
BRDA:69,6,1,1
BRDA:69,7,0,1
BRDA:69,7,1,0
BRDA:74,8,0,6
BRDA:74,8,1,1
BRF:17
BRH:14
end_of_record
TN:
SF:src/components/CoreDownload.tsx
FN:32,(anonymous_1)
FN:45,(anonymous_2)
FN:48,(anonymous_3)
FN:67,(anonymous_4)
FN:78,(anonymous_5)
FN:96,(anonymous_6)
FN:125,(anonymous_7)
FN:153,(anonymous_8)
FN:170,(anonymous_9)
FN:195,(anonymous_10)
FN:215,(anonymous_11)
FNF:11
FNH:10
FNDA:2,(anonymous_1)
FNDA:1,(anonymous_2)
FNDA:3,(anonymous_3)
FNDA:1,(anonymous_4)
FNDA:0,(anonymous_5)
FNDA:1,(anonymous_6)
FNDA:1,(anonymous_7)
FNDA:1,(anonymous_8)
FNDA:1,(anonymous_9)
FNDA:1,(anonymous_10)
FNDA:2,(anonymous_11)
DA:1,1
DA:2,1
DA:3,1
DA:8,1
DA:9,1
DA:10,1
DA:11,1
DA:32,1
DA:39,2
DA:45,1
DA:46,1
DA:48,1
DA:54,3
DA:67,1
DA:78,1
DA:79,0
DA:82,1
DA:96,1
DA:109,1
DA:125,1
DA:142,1
DA:153,1
DA:160,1
DA:161,1
DA:170,1
DA:187,1
DA:188,1
DA:189,1
DA:190,1
DA:195,1
DA:196,1
DA:197,1
DA:201,1
DA:215,1
DA:236,2
DA:237,2
DA:288,1
LF:37
LH:36
BRDA:40,0,0,2
BRDA:40,0,1,1
BRDA:40,0,2,1
BRDA:40,0,3,1
BRDA:40,0,4,0
BRDA:46,1,0,1
BRDA:46,1,1,0
BRDA:46,2,0,1
BRDA:46,2,1,1
BRDA:79,3,0,0
BRDA:79,3,1,0
BRDA:82,4,0,1
BRDA:82,4,1,0
BRDA:82,5,0,1
BRDA:82,5,1,1
BRDA:82,5,2,0
BRDA:101,6,0,0
BRDA:144,7,0,1
BRDA:144,7,1,1
BRDA:146,8,0,1
BRDA:146,8,1,1
BRDA:147,9,0,1
BRDA:147,9,1,1
BRDA:160,10,0,1
BRDA:160,10,1,0
BRDA:171,11,0,1
BRDA:187,12,0,1
BRDA:187,12,1,0
BRDA:189,13,0,1
BRDA:189,13,1,0
BRDA:196,14,0,1
BRDA:196,14,1,0
BRDA:204,15,0,1
BRDA:204,15,1,0
BRDA:230,16,0,2
BRDA:231,17,0,0
BRDA:232,18,0,0
BRDA:233,19,0,0
BRDA:236,20,0,2
BRDA:236,20,1,0
BRDA:236,20,2,0
BRDA:237,21,0,1
BRDA:237,21,1,1
BRDA:238,22,0,0
BRDA:238,22,1,1
BRDA:238,23,0,1
BRDA:238,23,1,0
BRDA:246,24,0,1
BRDA:246,24,1,1
BRDA:257,25,0,1
BRDA:257,25,1,1
BRDA:260,26,0,1
BRDA:260,26,1,1
BRF:53
BRH:34
end_of_record
TN:
SF:src/components/CoreEmbed.tsx
FN:60,(anonymous_10)
FN:74,(anonymous_11)
FN:87,(anonymous_12)
FN:95,(anonymous_13)
FN:105,(anonymous_14)
FN:114,(anonymous_15)
FN:115,(anonymous_16)
FN:122,(anonymous_17)
FN:126,(anonymous_18)
FN:141,(anonymous_19)
FN:149,(anonymous_20)
FN:159,(anonymous_21)
FN:169,(anonymous_22)
FN:178,(anonymous_23)
FN:180,(anonymous_24)
FN:200,(anonymous_25)
FN:230,(anonymous_26)
FN:257,(anonymous_27)
FN:272,(anonymous_28)
FN:293,(anonymous_29)
FN:298,(anonymous_30)
FNF:21
FNH:13
FNDA:11,(anonymous_10)
FNDA:2,(anonymous_11)
FNDA:0,(anonymous_12)
FNDA:0,(anonymous_13)
FNDA:0,(anonymous_14)
FNDA:1,(anonymous_15)
FNDA:1,(anonymous_16)
FNDA:0,(anonymous_17)
FNDA:0,(anonymous_18)
FNDA:1,(anonymous_19)
FNDA:0,(anonymous_20)
FNDA:0,(anonymous_21)
FNDA:2,(anonymous_22)
FNDA:1,(anonymous_23)
FNDA:2,(anonymous_24)
FNDA:5,(anonymous_25)
FNDA:2,(anonymous_26)
FNDA:0,(anonymous_27)
FNDA:1,(anonymous_28)
FNDA:5,(anonymous_29)
FNDA:5,(anonymous_30)
DA:1,1
DA:2,1
DA:3,1
DA:4,1
DA:9,1
DA:10,1
DA:60,1
DA:61,11
DA:62,11
DA:63,4
DA:66,7
DA:67,4
DA:68,3
DA:69,3
DA:71,11
DA:74,1
DA:76,2
DA:77,0
DA:78,2
DA:79,1
DA:82,2
DA:83,1
DA:85,1
DA:86,1
DA:88,0
DA:89,0
DA:91,0
DA:92,0
DA:96,0
DA:98,0
DA:101,0
DA:102,0
DA:105,0
DA:106,0
DA:107,0
DA:114,1
DA:115,1
DA:116,1
DA:117,1
DA:118,1
DA:119,1
DA:120,1
DA:122,1
DA:123,0
DA:126,1
DA:127,0
DA:129,0
DA:135,1
DA:137,0
DA:141,1
DA:142,1
DA:143,1
DA:144,1
DA:146,0
DA:149,1
DA:150,0
DA:151,0
DA:154,0
DA:156,0
DA:159,1
DA:160,0
DA:161,0
DA:164,0
DA:166,0
DA:169,1
DA:170,2
DA:171,2
DA:172,2
DA:174,0
DA:178,1
DA:180,1
DA:181,2
DA:182,2
DA:183,2
DA:184,2
DA:185,2
DA:186,2
DA:187,2
DA:188,2
DA:196,2
DA:197,2
DA:200,1
DA:201,5
DA:202,1
DA:203,4
DA:204,2
DA:219,2
DA:220,2
DA:230,1
DA:231,2
DA:257,1
DA:258,0
DA:272,1
DA:273,1
DA:274,1
DA:275,0
DA:276,1
DA:277,0
DA:282,1
DA:283,1
DA:286,0
DA:287,0
DA:293,1
DA:294,5
DA:295,5
DA:296,5
DA:298,5
DA:299,5
DA:300,5
DA:302,5
DA:303,2
DA:308,5
DA:309,1
DA:312,5
DA:313,1
DA:316,5
DA:334,1
LF:117
LH:86
BRDA:62,0,0,4
BRDA:62,0,1,7
BRDA:64,1,0,4
BRDA:64,1,1,3
BRDA:66,2,0,4
BRDA:66,2,1,3
BRDA:68,3,0,3
BRDA:68,3,1,0
BRDA:71,4,0,11
BRDA:71,4,1,11
BRDA:76,5,0,0
BRDA:76,5,1,2
BRDA:78,6,0,1
BRDA:78,6,1,1
BRDA:82,7,0,1
BRDA:82,7,1,1
BRDA:85,8,0,1
BRDA:85,8,1,0
BRDA:88,9,0,0
BRDA:88,9,1,0
BRDA:98,10,0,0
BRDA:98,10,1,0
BRDA:101,11,0,0
BRDA:101,11,1,0
BRDA:106,12,0,0
BRDA:106,12,1,0
BRDA:114,13,0,1
BRDA:114,14,0,1
BRDA:142,15,0,1
BRDA:142,15,1,0
BRDA:150,16,0,0
BRDA:150,16,1,0
BRDA:160,17,0,0
BRDA:160,17,1,0
BRDA:170,18,0,2
BRDA:170,18,1,0
BRDA:201,19,0,1
BRDA:201,19,1,4
BRDA:203,20,0,2
BRDA:203,20,1,2
BRDA:204,21,0,1
BRDA:204,21,1,1
BRDA:209,22,0,1
BRDA:209,22,1,0
BRDA:219,23,0,2
BRDA:219,23,1,0
BRDA:220,24,0,1
BRDA:220,24,1,1
BRDA:234,25,0,2
BRDA:234,25,1,0
BRDA:242,26,0,1
BRDA:242,26,1,1
BRDA:249,27,0,1
BRDA:249,27,1,1
BRDA:258,28,0,0
BRDA:258,28,1,0
BRDA:274,29,0,0
BRDA:274,29,1,1
BRDA:276,30,0,0
BRDA:276,30,1,1
BRDA:282,31,0,1
BRDA:282,31,1,0
BRDA:283,32,0,1
BRDA:283,32,1,0
BRDA:286,33,0,0
BRDA:286,33,1,0
BRDA:287,34,0,0
BRDA:287,34,1,0
BRDA:294,35,0,5
BRDA:294,35,1,5
BRDA:299,36,0,5
BRDA:299,36,1,0
BRDA:302,37,0,2
BRDA:302,37,1,3
BRDA:308,38,0,1
BRDA:308,38,1,4
BRDA:308,39,0,5
BRDA:308,39,1,1
BRDA:312,40,0,1
BRDA:312,40,1,4
BRDA:316,41,0,0
BRDA:316,41,1,5
BRDA:317,42,0,0
BRDA:317,42,1,0
BRDA:317,43,0,0
BRDA:317,43,1,0
BRDA:322,44,0,5
BRDA:322,44,1,5
BRDA:323,45,0,5
BRDA:323,45,1,0
BRDA:327,46,0,2
BRDA:327,46,1,3
BRF:92
BRH:55
end_of_record
TN:
SF:src/components/CoreImage.tsx
FN:24,(anonymous_10)
FN:28,(anonymous_11)
FN:38,(anonymous_12)
FN:63,(anonymous_13)
FN:112,(anonymous_14)
FNF:5
FNH:4
FNDA:8,(anonymous_10)
FNDA:0,(anonymous_11)
FNDA:6,(anonymous_12)
FNDA:6,(anonymous_13)
FNDA:6,(anonymous_14)
DA:1,2
DA:2,2
DA:7,2
DA:8,2
DA:9,2
DA:24,2
DA:25,8
DA:28,2
DA:29,0
DA:30,0
DA:31,0
DA:33,0
DA:38,2
DA:39,6
DA:63,2
DA:73,6
DA:74,1
DA:95,5
DA:111,2
DA:131,6
DA:136,6
DA:137,0
DA:139,6
DA:162,2
DA:164,2
LF:25
LH:20
BRDA:25,0,0,8
BRDA:25,0,1,8
BRDA:30,1,0,0
BRDA:30,1,1,0
BRDA:48,2,0,6
BRDA:48,2,1,1
BRDA:56,3,0,6
BRDA:56,3,1,0
BRDA:56,3,2,0
BRDA:73,4,0,1
BRDA:73,4,1,5
BRDA:73,5,0,6
BRDA:73,5,1,1
BRDA:115,6,0,6
BRDA:118,7,0,0
BRDA:136,8,0,0
BRDA:136,8,1,6
BRDA:139,9,0,0
BRDA:139,9,1,6
BRDA:140,10,0,0
BRDA:140,10,1,0
BRDA:140,11,0,0
BRDA:140,11,1,0
BRF:23
BRH:12
end_of_record
TN:
SF:src/components/CoreLanguageNavigation.tsx
FN:33,(anonymous_1)
FN:37,(anonymous_2)
FN:64,(anonymous_3)
FN:85,(anonymous_4)
FN:90,(anonymous_5)
FN:107,(anonymous_6)
FNF:6
FNH:6
FNDA:2,(anonymous_1)
FNDA:6,(anonymous_2)
FNDA:6,(anonymous_3)
FNDA:2,(anonymous_4)
FNDA:6,(anonymous_5)
FNDA:2,(anonymous_6)
DA:1,1
DA:2,1
DA:3,1
DA:4,1
DA:9,1
DA:33,1
DA:34,2
DA:37,1
DA:38,6
DA:39,0
DA:53,6
DA:64,1
DA:65,6
DA:85,1
DA:86,2
DA:91,6
DA:107,1
DA:110,2
DA:144,1
LF:19
LH:18
BRDA:34,0,0,2
BRDA:34,0,1,2
BRDA:38,1,0,0
BRDA:38,1,1,6
BRDA:78,2,0,6
BRDA:78,2,1,6
BRDA:78,2,2,6
BRDA:88,3,0,2
BRDA:88,3,1,2
BRDA:88,3,2,2
BRDA:97,4,0,0
BRDA:97,4,1,6
BRDA:110,5,0,0
BRDA:110,5,1,2
BRDA:111,6,0,0
BRDA:111,6,1,0
BRDA:111,7,0,0
BRDA:111,7,1,0
BRDA:117,8,0,2
BRDA:117,8,1,2
BRDA:138,9,0,2
BRDA:138,9,1,2
BRF:22
BRH:15
end_of_record
TN:
SF:src/components/CoreLink.tsx
FN:15,(anonymous_1)
FN:19,(anonymous_2)
FN:55,(anonymous_3)
FNF:3
FNH:3
FNDA:118,(anonymous_1)
FNDA:119,(anonymous_2)
FNDA:14,(anonymous_3)
DA:1,9
DA:2,9
DA:3,9
DA:15,9
DA:18,118
DA:19,118
DA:24,119
DA:25,119
DA:26,1
DA:28,119
DA:29,119
DA:31,119
DA:34,118
DA:35,1
DA:45,117
DA:47,117
DA:56,14
DA:64,9
LF:18
LH:18
BRDA:20,0,0,119
BRDA:21,1,0,0
BRDA:22,2,0,0
BRDA:25,3,0,1
BRDA:25,3,1,118
BRDA:28,4,0,119
BRDA:28,4,1,0
BRDA:34,5,0,1
BRDA:34,5,1,117
BRDA:34,6,0,118
BRDA:34,6,1,118
BRDA:47,7,0,104
BRDA:47,7,1,13
BRDA:47,8,0,117
BRDA:47,8,1,116
BRDA:47,8,2,13
BRF:16
BRH:13
end_of_record
TN:
SF:src/components/CoreNavigation.tsx
FN:31,(anonymous_1)
FN:35,(anonymous_2)
FN:62,(anonymous_3)
FN:67,(anonymous_4)
FN:84,(anonymous_5)
FNF:5
FNH:5
FNDA:3,(anonymous_1)
FNDA:98,(anonymous_2)
FNDA:24,(anonymous_3)
FNDA:98,(anonymous_4)
FNDA:3,(anonymous_5)
DA:1,2
DA:2,2
DA:8,2
DA:9,2
DA:31,2
DA:32,3
DA:35,2
DA:36,98
DA:62,2
DA:63,24
DA:68,98
DA:84,2
DA:85,3
DA:116,2
LF:14
LH:14
BRDA:32,0,0,3
BRDA:32,0,1,3
BRDA:47,1,0,98
BRDA:47,1,1,11
BRDA:55,2,0,98
BRDA:55,2,1,98
BRDA:55,2,2,15
BRDA:65,3,0,24
BRDA:65,3,1,24
BRDA:65,3,2,24
BRDA:74,4,0,0
BRDA:74,4,1,98
BRDA:85,5,0,0
BRDA:85,5,1,3
BRDA:86,6,0,0
BRDA:86,6,1,0
BRDA:86,7,0,0
BRDA:86,7,1,0
BRDA:92,8,0,3
BRDA:92,8,1,3
BRDA:110,9,0,3
BRDA:110,9,1,3
BRF:22
BRH:16
end_of_record
TN:
SF:src/components/CoreSeparator.tsx
FN:8,(anonymous_0)
FNF:1
FNH:1
FNDA:2,(anonymous_0)
DA:8,1
DA:9,2
DA:18,1
LF:3
LH:3
BRDA:10,0,0,2
BRDA:10,0,1,2
BRDA:12,1,0,2
BRDA:12,1,1,2
BRF:4
BRH:4
end_of_record
TN:
SF:src/components/CoreTeaser.tsx
FN:42,(anonymous_1)
FN:51,(anonymous_2)
FN:63,(anonymous_3)
FN:67,(anonymous_4)
FN:80,(anonymous_5)
FN:91,(anonymous_6)
FN:94,(anonymous_7)
FN:118,(anonymous_8)
FNF:8
FNH:8
FNDA:2,(anonymous_1)
FNDA:2,(anonymous_2)
FNDA:2,(anonymous_3)
FNDA:2,(anonymous_4)
FNDA:2,(anonymous_5)
FNDA:2,(anonymous_6)
FNDA:4,(anonymous_7)
FNDA:2,(anonymous_8)
DA:2,1
DA:3,1
DA:4,1
DA:9,1
DA:10,1
DA:11,1
DA:12,1
DA:13,1
DA:42,1
DA:43,2
DA:51,1
DA:52,2
DA:63,1
DA:64,2
DA:67,1
DA:68,2
DA:80,1
DA:81,2
DA:82,2
DA:91,1
DA:92,2
DA:96,4
DA:97,4
DA:98,4
DA:99,4
DA:103,4
DA:118,1
DA:119,2
DA:123,2
DA:158,1
LF:30
LH:30
BRDA:44,0,0,2
BRDA:44,0,1,0
BRDA:44,0,2,0
BRDA:44,0,3,0
BRDA:76,1,0,2
BRDA:76,1,1,0
BRDA:96,2,0,4
BRDA:96,2,1,0
BRDA:98,3,0,4
BRDA:98,3,1,0
BRDA:121,4,0,2
BRDA:121,4,1,2
BRDA:123,5,0,0
BRDA:123,5,1,2
BRDA:124,6,0,0
BRDA:124,6,1,0
BRDA:124,7,0,0
BRDA:124,7,1,0
BRDA:143,8,0,2
BRDA:143,8,1,2
BRDA:144,9,0,2
BRDA:144,9,1,2
BRDA:145,10,0,2
BRDA:145,10,1,2
BRDA:148,11,0,2
BRDA:148,11,1,2
BRDA:148,11,2,2
BRDA:152,12,0,2
BRDA:152,12,1,2
BRF:29
BRH:18
end_of_record
TN:
SF:src/components/CoreText.tsx
FN:17,(anonymous_10)
FN:21,(anonymous_11)
FN:23,(anonymous_12)
FN:27,(anonymous_13)
FNF:4
FNH:4
FNDA:6,(anonymous_10)
FNDA:2,(anonymous_11)
FNDA:4,(anonymous_12)
FNDA:5,(anonymous_13)
DA:1,1
DA:2,1
DA:3,1
DA:8,1
DA:9,1
DA:17,1
DA:18,6
DA:21,2
DA:23,1
DA:24,4
DA:25,4
DA:26,2
DA:28,5
DA:29,1
DA:30,1
DA:34,1
DA:35,1
DA:44,2
DA:46,4
DA:66,1
LF:20
LH:20
BRDA:18,0,0,6
BRDA:18,0,1,6
BRDA:25,1,0,2
BRDA:25,1,1,2
BRDA:28,2,0,1
BRDA:28,2,1,4
BRDA:28,3,0,5
BRDA:28,3,1,3
BRDA:46,4,0,0
BRDA:46,4,1,4
BRDA:47,5,0,0
BRDA:47,5,1,0
BRDA:47,6,0,0
BRDA:47,6,1,0
BRDA:51,7,0,2
BRDA:51,7,1,2
BRDA:53,8,0,2
BRDA:53,8,1,2
BRDA:60,9,0,2
BRDA:60,9,1,2
BRF:20
BRH:15
end_of_record
TN:
SF:src/components/CoreTitle.tsx
FN:20,(anonymous_1)
FN:24,(anonymous_2)
FN:26,(anonymous_3)
FN:38,(anonymous_4)
FN:46,(anonymous_5)
FNF:5
FNH:5
FNDA:2,(anonymous_1)
FNDA:4,(anonymous_2)
FNDA:2,(anonymous_3)
FNDA:2,(anonymous_4)
FNDA:2,(anonymous_5)
DA:1,1
DA:6,1
DA:7,1
DA:20,1
DA:21,2
DA:24,4
DA:26,1
DA:27,2
DA:38,1
DA:39,2
DA:40,2
DA:43,0
DA:46,1
DA:47,2
DA:64,1
LF:15
LH:14
BRDA:21,0,0,2
BRDA:21,0,1,2
BRDA:24,1,0,4
BRDA:24,1,1,0
BRDA:39,2,0,2
BRDA:39,2,1,0
BRDA:47,3,0,0
BRDA:47,3,1,2
BRDA:48,4,0,0
BRDA:48,4,1,0
BRDA:48,5,0,0
BRDA:48,5,1,0
BRDA:52,6,0,2
BRDA:52,6,1,0
BRDA:54,7,0,2
BRDA:54,7,1,0
BRDA:56,8,0,2
BRDA:56,8,1,0
BRF:18
BRH:8
end_of_record
TN:
SF:src/components/EditorPlaceHolder.tsx
FN:11,(anonymous_1)
FNF:1
FNH:0
FNDA:0,(anonymous_1)
DA:1,9
DA:9,9
DA:11,9
DA:17,0
DA:18,0
DA:19,0
DA:21,0
DA:32,9
LF:8
LH:4
BRDA:17,0,0,0
BRDA:17,0,1,0
BRDA:17,1,0,0
BRDA:17,1,1,0
BRDA:18,2,0,0
BRDA:18,2,1,0
BRF:6
BRH:0
end_of_record
